# Karancho
000000000;1346086945;0;MVARIO; 
000000000;1346086945;1;Vario;m/s
000000000;1346086945;2;Abs. altit;m
000000000;1346086945;3;Rel. altit;m
000000000;1346086945;4;Air press.;hPa
000000000;1346086945;5;Temp.;°C
000000000;1426827393;0;MT-125; 
000000000;1426827393;1;Temp. A;°C
000000000;1426827393;2;Temp. B;°C
1271921079;1346086945;1;1;1;4294967295
1271921079;1346086945;2;1;1;2799
1271921079;1346086945;3;1;1;1
1271921079;1346086945;4;4;2;96554
1271921079;1346086945;5;1;1;240
1271921230;1346086945;1;1;1;0
1271921235;1346086945;2;1;1;2801
1271921235;1346086945;3;1;1;3
1271921235;1346086945;4;4;2;96552
1271921235;1346086945;5;1;1;240
1271921431;1346086945;1;1;1;0
1271921431;1346086945;2;1;1;2801
1271921431;1346086945;3;1;1;3
1271921431;1346086945;4;4;2;96552
1271921431;1346086945;5;1;1;240
1271921650;1346086945;1;1;1;0
1271921650;1346086945;2;1;1;2802
1271921650;1346086945;3;1;1;4
1271921650;1346086945;4;4;2;96551
1271921650;1346086945;5;1;1;240
1271921863;1346086945;1;1;1;2
1271921863;1346086945;2;1;1;2805
1271921865;1346086945;3;1;1;7
1271921865;1346086945;4;4;2;96548
1271921865;1346086945;5;1;1;240
1271922063;1346086945;1;1;1;2
1271922063;1346086945;2;1;1;2807
1271922063;1346086945;3;1;1;9
1271922063;1346086945;4;4;2;96545
1271922063;1346086945;5;1;1;240
1271922230;1346086945;1;1;1;2
1271922230;1346086945;2;1;1;2813
1271922230;1346086945;3;1;1;15
1271922230;1346086945;4;4;2;96538
1271922230;1346086945;5;1;1;240
1271923230;1346086945;1;1;1;46
1271923230;1346086945;2;1;1;2880
1271923230;1346086945;3;1;1;82
1271923230;1346086945;4;4;2;96461
1271923232;1346086945;5;1;1;240
1271923430;1346086945;1;1;1;46
1271923430;1346086945;2;1;1;2898
1271923430;1346086945;3;1;1;100
1271923430;1346086945;4;4;2;96440
1271923430;1346086945;5;1;1;240
1271923630;1346086945;1;1;1;27
1271923630;1346086945;2;1;1;2917
1271923630;1346086945;3;1;1;119
1271923630;1346086945;4;4;2;96419
1271923630;1346086945;5;1;1;240
1271925052;1346086945;1;1;1;49
1271925052;1346086945;2;1;1;3058
1271925052;1346086945;3;1;1;260
1271925052;1346086945;4;4;2;96257
1271925054;1346086945;5;1;1;240
1271925250;1346086945;1;1;1;49
1271925250;1346086945;2;1;1;3084
1271925250;1346086945;3;1;1;286
1271925250;1346086945;4;4;2;96227
1271925250;1346086945;5;1;1;240
1271926250;1346086945;1;1;1;54
1271926250;1346086945;2;1;1;3219
1271926250;1346086945;3;1;1;421
1271926250;1346086945;4;4;2;96072
1271926250;1346086945;5;1;1;240
1271926463;1346086945;1;1;1;54
1271926463;1346086945;2;1;1;3247
1271926463;1346086945;3;1;1;449
1271926463;1346086945;4;4;2;96040
1271926463;1346086945;5;1;1;240
1271926663;1346086945;1;1;1;135
1271926663;1346086945;2;1;1;3274
1271926663;1346086945;3;1;1;476
1271926663;1346086945;4;4;2;96008
1271926663;1346086945;5;1;1;239
1271926830;1346086945;1;1;1;135
1271926830;1346086945;2;1;1;3303
1271926830;1346086945;3;1;1;505
1271926830;1346086945;4;4;2;95975
1271926830;1346086945;5;1;1;239
1271927250;1346086945;1;1;1;58
1271927250;1346086945;2;1;1;3377
1271927250;1346086945;3;1;1;579
1271927250;1346086945;4;4;2;95891
1271927250;1346086945;5;1;1;239
1271928650;1346086945;1;1;1;39
1271928652;1346086945;2;1;1;3523
1271928652;1346086945;3;1;1;725
1271928652;1346086945;4;4;2;95723
1271928652;1346086945;5;1;1;239
1271928864;1346086945;1;1;1;98
1271928864;1346086945;2;1;1;3539
1271928864;1346086945;3;1;1;741
1271928864;1346086945;4;4;2;95705
1271928864;1346086945;5;1;1;239
1271929030;1346086945;1;1;1;98
1271929030;1346086945;2;1;1;3552
1271929030;1346086945;3;1;1;754
1271929030;1346086945;4;4;2;95690
1271929030;1346086945;5;1;1;239
1271929850;1346086945;1;1;1;22
1271929850;1346086945;2;1;1;3581
1271929852;1346086945;3;1;1;783
1271929852;1346086945;4;4;2;95657
1271929852;1346086945;5;1;1;239
1271930063;1346086945;1;1;1;38
1271930063;1346086945;2;1;1;3584
1271930063;1346086945;3;1;1;786
1271930063;1346086945;4;4;2;95654
1271930063;1346086945;5;1;1;239
1271930231;1346086945;1;1;1;38
1271930231;1346086945;2;1;1;3584
1271930231;1346086945;3;1;1;786
1271930231;1346086945;4;4;2;95654
1271930231;1346086945;5;1;1;239
1271930431;1346086945;1;1;1;38
1271930431;1346086945;2;1;1;3583
1271930435;1346086945;3;1;1;785
1271930435;1346086945;4;4;2;95655
1271930435;1346086945;5;1;1;239
1271930631;1346086945;1;1;1;4294967294
1271930631;1346086945;2;1;1;3581
1271930631;1346086945;3;1;1;783
1271930631;1346086945;4;4;2;95657
1271930631;1346086945;5;1;1;239
1271931034;1346086945;1;1;1;4294967294
1271931034;1346086945;2;1;1;3574
1271931034;1346086945;3;1;1;776
1271931034;1346086945;4;4;2;95665
1271931034;1346086945;5;1;1;239
1271931264;1346086945;1;1;1;4294967284
1271931264;1346086945;2;1;1;3570
1271931264;1346086945;3;1;1;772
1271931265;1346086945;4;4;2;95670
1271931265;1346086945;5;1;1;239
1271931431;1346086945;1;1;1;4294967284
1271931431;1346086945;2;1;1;3566
1271931431;1346086945;3;1;1;768
1271931431;1346086945;4;4;2;95674
1271931431;1346086945;5;1;1;239
1271931630;1346086945;1;1;1;4294967284
1271931630;1346086945;2;1;1;3562
1271931630;1346086945;3;1;1;764
1271931630;1346086945;4;4;2;95679
1271931630;1346086945;5;1;1;239
1271931830;1346086945;1;1;1;4294967284
1271931830;1346086945;2;1;1;3558
1271931830;1346086945;3;1;1;760
1271931832;1346086945;4;4;2;95683
1271931832;1346086945;5;1;1;239
1271932481;1346086945;1;1;1;4294967295
1271932481;1346086945;2;1;1;3550
1271932481;1346086945;3;1;1;752
1271932481;1346086945;4;4;2;95693
1271932481;1346086945;5;1;1;239
1271932630;1346086945;1;1;1;4294967295
1271932630;1346086945;2;1;1;3548
1271932630;1346086945;3;1;1;750
1271932630;1346086945;4;4;2;95695
1271932630;1346086945;5;1;1;239
1271932830;1346086945;1;1;1;4294967295
1271932830;1346086945;2;1;1;3547
1271932830;1346086945;3;1;1;749
1271932832;1346086945;4;4;2;95696
1271932832;1346086945;5;1;1;239
1271933061;1346086945;1;1;1;4294967290
1271933061;1346086945;2;1;1;3546
1271933061;1346086945;3;1;1;748
1271933061;1346086945;4;4;2;95697
1271933061;1346086945;5;1;1;239
1271933630;1346086945;1;1;1;1
1271933630;1346086945;2;1;1;3547
1271933630;1346086945;3;1;1;749
1271933630;1346086945;4;4;2;95696
1271933630;1346086945;5;1;1;239
1271933830;1346086945;1;1;1;1
1271933830;1346086945;2;1;1;3548
1271933830;1346086945;3;1;1;750
1271933832;1346086945;4;4;2;95695
1271933832;1346086945;5;1;1;239
1271934030;1346086945;1;1;1;1
1271934030;1346086945;2;1;1;3549
1271934030;1346086945;3;1;1;751
1271934030;1346086945;4;4;2;95694
1271934030;1346086945;5;1;1;239
1271934250;1346086945;1;1;1;4
1271934250;1346086945;2;1;1;3549
1271934250;1346086945;3;1;1;751
1271934250;1346086945;4;4;2;95694
1271934250;1346086945;5;1;1;239
1271934450;1346086945;1;1;1;4
1271934450;1346086945;2;1;1;3550
1271934450;1346086945;3;1;1;752
1271934450;1346086945;4;4;2;95693
1271934451;1346086945;5;1;1;239
1271934664;1346086945;1;1;1;4
1271934664;1346086945;2;1;1;3550
1271934664;1346086945;3;1;1;752
1271934664;1346086945;4;4;2;95693
1271934664;1346086945;5;1;1;239
1271934830;1346086945;1;1;1;0
1271934830;1346086945;2;1;1;3550
1271934830;1346086945;3;1;1;752
1271934830;1346086945;4;4;2;95692
1271934830;1346086945;5;1;1;239
1271935030;1346086945;1;1;1;0
1271935030;1346086945;2;1;1;3550
1271935030;1346086945;3;1;1;752
1271935030;1346086945;4;4;2;95692
1271935030;1346086945;5;1;1;239
1271935230;1346086945;1;1;1;0
1271935230;1346086945;2;1;1;3548
1271935230;1346086945;3;1;1;750
1271935230;1346086945;4;4;2;95695
1271935230;1346086945;5;1;1;239
1271935450;1346086945;1;1;1;4294967293
1271935450;1346086945;2;1;1;3546
1271935450;1346086945;3;1;1;748
1271935450;1346086945;4;4;2;95697
1271935450;1346086945;5;1;1;239
1271935650;1346086945;1;1;1;4294967293
1271935650;1346086945;2;1;1;3543
1271935650;1346086945;3;1;1;745
1271935650;1346086945;4;4;2;95700
1271935650;1346086945;5;1;1;239
1271935864;1346086945;1;1;1;4294967293
1271935864;1346086945;2;1;1;3540
1271935864;1346086945;3;1;1;742
1271935864;1346086945;4;4;2;95704
1271935864;1346086945;5;1;1;239
1271936031;1346086945;1;1;1;4294967290
1271936031;1346086945;2;1;1;3536
1271936031;1346086945;3;1;1;738
1271936031;1346086945;4;4;2;95709
1271936031;1346086945;5;1;1;239
1271937230;1346086945;1;1;1;4294967287
1271937230;1346086945;2;1;1;3510
1271937230;1346086945;3;1;1;712
1271937230;1346086945;4;4;2;95738
1271937230;1346086945;5;1;1;238
1271937430;1346086945;1;1;1;4294967287
1271937430;1346086945;2;1;1;3504
1271937430;1346086945;3;1;1;706
1271937430;1346086945;4;4;2;95745
1271937430;1346086945;5;1;1;239
1271937633;1346086945;1;1;1;4294967272
1271937633;1346086945;2;1;1;3495
1271937633;1346086945;3;1;1;697
1271937633;1346086945;4;4;2;95755
1271937633;1346086945;5;1;1;239
1271937850;1346086945;1;1;1;4294967272
1271937850;1346086945;2;1;1;3491
1271937850;1346086945;3;1;1;693
1271937850;1346086945;4;4;2;95760
1271937850;1346086945;5;1;1;239
1271938064;1346086945;1;1;1;4294967272
1271938064;1346086945;2;1;1;3487
1271938064;1346086945;3;1;1;689
1271938064;1346086945;4;4;2;95765
1271938064;1346086945;5;1;1;239
1271938230;1346086945;1;1;1;4294967287
1271938230;1346086945;2;1;1;3482
1271938230;1346086945;3;1;1;684
1271938230;1346086945;4;4;2;95770
1271938230;1346086945;5;1;1;239
1271938630;1346086945;1;1;1;4294967279
1271938630;1346086945;2;1;1;3476
1271938630;1346086945;3;1;1;678
1271938630;1346086945;4;4;2;95777
1271938630;1346086945;5;1;1;239
1271938831;1346086945;1;1;1;4294967279
1271938833;1346086945;2;1;1;3473
1271938833;1346086945;3;1;1;675
1271938833;1346086945;4;4;2;95780
1271938833;1346086945;5;1;1;239
1271939050;1346086945;1;1;1;4294967279
1271939050;1346086945;2;1;1;3471
1271939050;1346086945;3;1;1;673
1271939050;1346086945;4;4;2;95783
1271939050;1346086945;5;1;1;239
1271939264;1346086945;1;1;1;4294967294
1271939264;1346086945;2;1;1;3470
1271939264;1346086945;3;1;1;672
1271939264;1346086945;4;4;2;95784
1271939264;1346086945;5;1;1;239
1271939630;1346086945;1;1;1;4294967294
1271939632;1346086945;2;1;1;3469
1271939632;1346086945;3;1;1;671
1271939632;1346086945;4;4;2;95785
1271939632;1346086945;5;1;1;239
1271939830;1346086945;1;1;1;4294967293
1271939830;1346086945;2;1;1;3470
1271939830;1346086945;3;1;1;672
1271939830;1346086945;4;4;2;95784
1271939830;1346086945;5;1;1;238
1271940050;1346086945;1;1;1;4294967293
1271940050;1346086945;2;1;1;3470
1271940050;1346086945;3;1;1;672
1271940050;1346086945;4;4;2;95784
1271940050;1346086945;5;1;1;238
1271940250;1346086945;1;1;1;4294967293
1271940251;1346086945;2;1;1;3471
1271940251;1346086945;3;1;1;673
1271940251;1346086945;4;4;2;95783
1271940252;1346086945;5;1;1;238
1271940464;1346086945;1;1;1;1
1271940464;1346086945;2;1;1;3471
1271940464;1346086945;3;1;1;673
1271940464;1346086945;4;4;2;95783
1271940464;1346086945;5;1;1;238
1271940630;1346086945;1;1;1;1
1271940630;1346086945;2;1;1;3471
1271940630;1346086945;3;1;1;673
1271940630;1346086945;4;4;2;95783
1271940630;1346086945;5;1;1;238
1271940830;1346086945;1;1;1;1
1271940832;1346086945;2;1;1;3471
1271940832;1346086945;3;1;1;673
1271940832;1346086945;4;4;2;95783
1271940832;1346086945;5;1;1;238
1271941030;1346086945;1;1;1;0
1271941030;1346086945;2;1;1;3470
1271941030;1346086945;3;1;1;672
1271941030;1346086945;4;4;2;95784
1271941030;1346086945;5;1;1;238
1271941250;1346086945;1;1;1;0
1271941250;1346086945;2;1;1;3470
1271941250;1346086945;3;1;1;672
1271941250;1346086945;4;4;2;95784
1271941250;1346086945;5;1;1;238
1271941450;1346086945;1;1;1;0
1271941450;1346086945;2;1;1;3469
1271941452;1346086945;3;1;1;671
1271941452;1346086945;4;4;2;95785
1271941452;1346086945;5;1;1;238
1271941664;1346086945;1;1;1;4294967294
1271941664;1346086945;2;1;1;3468
1271941664;1346086945;3;1;1;670
1271941664;1346086945;4;4;2;95786
1271941664;1346086945;5;1;1;238
1271941830;1346086945;1;1;1;4294967294
1271941830;1346086945;2;1;1;3466
1271941830;1346086945;3;1;1;668
1271941830;1346086945;4;4;2;95788
1271941830;1346086945;5;1;1;238
1271942030;1346086945;1;1;1;4294967294
1271942030;1346086945;2;1;1;3466
1271942032;1346086945;3;1;1;668
1271942032;1346086945;4;4;2;95789
1271942032;1346086945;5;1;1;238
1271942250;1346086945;1;1;1;4294967291
1271942250;1346086945;2;1;1;3464
1271942250;1346086945;3;1;1;666
1271942250;1346086945;4;4;2;95791
1271942250;1346086945;5;1;1;238
1271942450;1346086945;1;1;1;4294967291
1271942450;1346086945;2;1;1;3462
1271942450;1346086945;3;1;1;664
1271942450;1346086945;4;4;2;95793
1271942450;1346086945;5;1;1;238
1271942664;1346086945;1;1;1;4294967291
1271942664;1346086945;2;1;1;3460
1271942684;1346086945;3;1;1;662
1271942684;1346086945;4;4;2;95796
1271942684;1346086945;5;1;1;238
1271943231;1346086945;1;1;1;4294967289
1271943231;1346086945;2;1;1;3452
1271943231;1346086945;3;1;1;654
1271943231;1346086945;4;4;2;95805
1271943231;1346086945;5;1;1;238
1271943450;1346086945;1;1;1;4294967295
1271943450;1346086945;2;1;1;3450
1271943450;1346086945;3;1;1;652
1271943450;1346086945;4;4;2;95807
1271943450;1346086945;5;1;1;238
1271944650;1346086945;1;1;1;4294967295
1271944650;1346086945;2;1;1;3442
1271944651;1346086945;3;1;1;644
1271944651;1346086945;4;4;2;95816
1271944651;1346086945;5;1;1;238
1271944850;1346086945;1;1;1;4294967295
1271944850;1346086945;2;1;1;3441
1271944850;1346086945;3;1;1;643
1271944850;1346086945;4;4;2;95817
1271944850;1346086945;5;1;1;238
1271945064;1346086945;1;1;1;4294967292
1271945064;1346086945;2;1;1;3440
1271945064;1346086945;3;1;1;642
1271945064;1346086945;4;4;2;95818
1271945064;1346086945;5;1;1;238
1271945230;1346086945;1;1;1;4294967292
1271945230;1346086945;2;1;1;3439
1271945232;1346086945;3;1;1;641
1271945232;1346086945;4;4;2;95819
1271945232;1346086945;5;1;1;238
1271945430;1346086945;1;1;1;4294967292
1271945430;1346086945;2;1;1;3439
1271945430;1346086945;3;1;1;641
1271945430;1346086945;4;4;2;95819
1271945430;1346086945;5;1;1;238
1271945850;1346086945;1;1;1;0
1271945850;1346086945;2;1;1;3439
1271945850;1346086945;3;1;1;641
1271945850;1346086945;4;4;2;95819
1271945850;1346086945;5;1;1;238
1271946050;1346086945;1;1;1;0
1271946050;1346086945;2;1;1;3437
1271946050;1346086945;3;1;1;639
1271946051;1346086945;4;4;2;95822
1271946051;1346086945;5;1;1;238
1271946264;1346086945;1;1;1;4294967293
1271946264;1346086945;2;1;1;3436
1271946264;1346086945;3;1;1;638
1271946264;1346086945;4;4;2;95823
1271946264;1346086945;5;1;1;238
1271946430;1346086945;1;1;1;4294967293
1271946430;1346086945;2;1;1;3435
1271946430;1346086945;3;1;1;637
1271946430;1346086945;4;4;2;95824
1271946430;1346086945;5;1;1;238
1271946835;1346086945;1;1;1;4294967293
1271946835;1346086945;2;1;1;3434
1271946835;1346086945;3;1;1;636
1271946837;1346086945;4;4;2;95825
1271946837;1346086945;5;1;1;238
1271947061;1346086945;1;1;1;4294967294
1271947061;1346086945;2;1;1;3432
1271947061;1346086945;3;1;1;634
1271947061;1346086945;4;4;2;95827
1271947061;1346086945;5;1;1;238
1271947264;1346086945;1;1;1;4294967294
1271947264;1346086945;2;1;1;3431
1271947264;1346086945;3;1;1;633
1271947264;1346086945;4;4;2;95829
1271947264;1346086945;5;1;1;238
1271947464;1346086945;1;1;1;4294967292
1271947464;1346086945;2;1;1;3430
1271947464;1346086945;3;1;1;632
1271947476;1346086945;4;4;2;95830
1271947476;1346086945;5;1;1;238
1271947831;1346086945;1;1;1;4294967292
1271947831;1346086945;2;1;1;3429
1271947831;1346086945;3;1;1;631
1271947831;1346086945;4;4;2;95831
1271947831;1346086945;5;1;1;238
1271948060;1346086945;1;1;1;4294967294
1271948060;1346086945;2;1;1;3428
1271948060;1346086945;3;1;1;630
1271948060;1346086945;4;4;2;95832
1271948060;1346086945;5;1;1;238
1271948250;1346086945;1;1;1;4294967294
1271948250;1346086945;2;1;1;3427
1271948250;1346086945;3;1;1;629
1271948251;1346086945;4;4;2;95833
1271948251;1346086945;5;1;1;238
1271948464;1346086945;1;1;1;4294967294
1271948464;1346086945;2;1;1;3427
1271948464;1346086945;3;1;1;629
1271948464;1346086945;4;4;2;95833
1271948464;1346086945;5;1;1;238
1271948630;1346086945;1;1;1;4294967291
1271948630;1346086945;2;1;1;3425
1271948630;1346086945;3;1;1;627
1271948630;1346086945;4;4;2;95835
1271948631;1346086945;5;1;1;238
1271948830;1346086945;1;1;1;4294967291
1271948830;1346086945;2;1;1;3425
1271948830;1346086945;3;1;1;627
1271948832;1346086945;4;4;2;95835
1271948832;1346086945;5;1;1;238
1271949030;1346086945;1;1;1;4294967291
1271949030;1346086945;2;1;1;3425
1271949030;1346086945;3;1;1;627
1271949030;1346086945;4;4;2;95836
1271949030;1346086945;5;1;1;238
1271949231;1346086945;1;1;1;4294967295
1271949231;1346086945;2;1;1;3424
1271949231;1346086945;3;1;1;626
1271949231;1346086945;4;4;2;95837
1271949231;1346086945;5;1;1;238
1271949450;1346086945;1;1;1;4294967295
1271949450;1346086945;2;1;1;3423
1271949450;1346086945;3;1;1;625
1271949451;1346086945;4;4;2;95838
1271949451;1346086945;5;1;1;238
1271949664;1346086945;1;1;1;4294967295
1271949664;1346086945;2;1;1;3424
1271949664;1346086945;3;1;1;626
1271949664;1346086945;4;4;2;95837
1271949664;1346086945;5;1;1;238
1271949830;1346086945;1;1;1;4294967294
1271949830;1346086945;2;1;1;3423
1271949830;1346086945;3;1;1;625
1271949830;1346086945;4;4;2;95838
1271949830;1346086945;5;1;1;238
1271950030;1346086945;1;1;1;4294967294
1271950030;1346086945;2;1;1;3422
1271950030;1346086945;3;1;1;624
1271950032;1346086945;4;4;2;95839
1271950032;1346086945;5;1;1;238
1271950230;1346086945;1;1;1;4294967294
1271950230;1346086945;2;1;1;3421
1271950230;1346086945;3;1;1;623
1271950230;1346086945;4;4;2;95840
1271950230;1346086945;5;1;1;238
1271950450;1346086945;1;1;1;4294967294
1271950450;1346086945;2;1;1;3420
1271950450;1346086945;3;1;1;622
1271950450;1346086945;4;4;2;95841
1271950450;1346086945;5;1;1;238
1271950650;1346086945;1;1;1;4294967294
1271950650;1346086945;2;1;1;3418
1271950650;1346086945;3;1;1;620
1271950650;1346086945;4;4;2;95843
1271950651;1346086945;5;1;1;238
1271950864;1346086945;1;1;1;4294967294
1271950864;1346086945;2;1;1;3416
1271950864;1346086945;3;1;1;618
1271950864;1346086945;4;4;2;95846
1271950864;1346086945;5;1;1;238
1271951230;1346086945;1;1;1;4294967288
1271951230;1346086945;2;1;1;3410
1271951230;1346086945;3;1;1;612
1271951230;1346086945;4;4;2;95853
1271951230;1346086945;5;1;1;238
1271951430;1346086945;1;1;1;4294967288
1271951430;1346086945;2;1;1;3407
1271951430;1346086945;3;1;1;609
1271951430;1346086945;4;4;2;95856
1271951432;1346086945;5;1;1;238
1271951650;1346086945;1;1;1;4294967286
1271951650;1346086945;2;1;1;3402
1271951650;1346086945;3;1;1;604
1271951650;1346086945;4;4;2;95862
1271951650;1346086945;5;1;1;238
1271952850;1346086945;1;1;1;4294967284
1271952850;1346086945;2;1;1;3382
1271952850;1346086945;3;1;1;584
1271952850;1346086945;4;4;2;95885
1271952850;1346086945;5;1;1;238
1271953264;1346086945;1;1;1;4294967284
1271953264;1346086945;2;1;1;3378
1271953264;1346086945;3;1;1;580
1271953264;1346086945;4;4;2;95889
1271953266;1346086945;5;1;1;238
1271954264;1346086945;1;1;1;4294967288
1271954264;1346086945;2;1;1;3367
1271954264;1346086945;3;1;1;569
1271954264;1346086945;4;4;2;95902
1271954264;1346086945;5;1;1;238
1271954430;1346086945;1;1;1;4294967288
1271954430;1346086945;2;1;1;3365
1271954430;1346086945;3;1;1;567
1271954430;1346086945;4;4;2;95904
1271954430;1346086945;5;1;1;238
1271954630;1346086945;1;1;1;4294967294
1271954630;1346086945;2;1;1;3364
1271954630;1346086945;3;1;1;566
1271954630;1346086945;4;4;2;95905
1271954632;1346086945;5;1;1;238
1271954830;1346086945;1;1;1;4294967294
1271954830;1346086945;2;1;1;3363
1271954830;1346086945;3;1;1;565
1271954830;1346086945;4;4;2;95907
1271954830;1346086945;5;1;1;238
1271955050;1346086945;1;1;1;4294967292
1271955050;1346086945;2;1;1;3363
1271955050;1346086945;3;1;1;565
1271955050;1346086945;4;4;2;95907
1271955050;1346086945;5;1;1;238
1271955464;1346086945;1;1;1;4294967292
1271955464;1346086945;2;1;1;3362
1271955464;1346086945;3;1;1;564
1271955464;1346086945;4;4;2;95908
1271955483;1346086945;5;1;1;238
1271955631;1346086945;1;1;1;4294967292
1271955631;1346086945;2;1;1;3361
1271955631;1346086945;3;1;1;563
1271955631;1346086945;4;4;2;95909
1271955631;1346086945;5;1;1;238
1271955831;1346086945;1;1;1;4294967295
1271955831;1346086945;2;1;1;3360
1271955831;1346086945;3;1;1;562
1271955831;1346086945;4;4;2;95910
1271955831;1346086945;5;1;1;238
1271956031;1346086945;1;1;1;4294967295
1271956031;1346086945;2;1;1;3358
1271956031;1346086945;3;1;1;560
1271956031;1346086945;4;4;2;95912
1271956033;1346086945;5;1;1;238
1271956450;1346086945;1;1;1;4294967291
1271956450;1346086945;2;1;1;3356
1271956450;1346086945;3;1;1;558
1271956450;1346086945;4;4;2;95915
1271956450;1346086945;5;1;1;238
1271956664;1346086945;1;1;1;4294967291
1271956664;1346086945;2;1;1;3354
1271956664;1346086945;3;1;1;556
1271956664;1346086945;4;4;2;95917
1271956664;1346086945;5;1;1;238
1271956831;1346086945;1;1;1;4294967291
1271956831;1346086945;2;1;1;3352
1271956832;1346086945;3;1;1;554
1271956832;1346086945;4;4;2;95919
1271956835;1346086945;5;1;1;238
1271957450;1346086945;1;1;1;4294967291
1271957450;1346086945;2;1;1;3343
1271957450;1346086945;3;1;1;545
1271957450;1346086945;4;4;2;95929
1271957450;1346086945;5;1;1;238
1271957664;1346086945;1;1;1;4294967284
1271957664;1346086945;2;1;1;3342
1271957664;1346086945;3;1;1;544
1271957664;1346086945;4;4;2;95931
1271957664;1346086945;5;1;1;238
1271957881;1346086945;1;1;1;4294967284
1271957881;1346086945;2;1;1;3340
1271957881;1346086945;3;1;1;542
1271957881;1346086945;4;4;2;95933
1271957882;1346086945;5;1;1;238
1271958650;1346086945;1;1;1;4294967290
1271958650;1346086945;2;1;1;3334
1271958650;1346086945;3;1;1;536
1271958650;1346086945;4;4;2;95940
1271958650;1346086945;5;1;1;238
1271958864;1346086945;1;1;1;0
1271958864;1346086945;2;1;1;3333
1271958864;1346086945;3;1;1;535
1271958864;1346086945;4;4;2;95941
1271958864;1346086945;5;1;1;238
1271959231;1346086945;1;1;1;0
1271959231;1346086945;2;1;1;3333
1271959231;1346086945;3;1;1;535
1271959231;1346086945;4;4;2;95941
1271959231;1346086945;5;1;1;238
1271959431;1346086945;1;1;1;0
1271959431;1346086945;2;1;1;3332
1271959431;1346086945;3;1;1;534
1271959431;1346086945;4;4;2;95942
1271959431;1346086945;5;1;1;238
1271959850;1346086945;1;1;1;0
1271959850;1346086945;2;1;1;3333
1271959850;1346086945;3;1;1;535
1271959850;1346086945;4;4;2;95941
1271959850;1346086945;5;1;1;238
1271960064;1346086945;1;1;1;0
1271960064;1346086945;2;1;1;3334
1271960064;1346086945;3;1;1;536
1271960064;1346086945;4;4;2;95940
1271960064;1346086945;5;1;1;238
1271960230;1346086945;1;1;1;0
1271960230;1346086945;2;1;1;3335
1271960231;1346086945;3;1;1;537
1271960231;1346086945;4;4;2;95939
1271960231;1346086945;5;1;1;237
1271960430;1346086945;1;1;1;2
1271960430;1346086945;2;1;1;3336
1271960430;1346086945;3;1;1;538
1271960430;1346086945;4;4;2;95938
1271960430;1346086945;5;1;1;238
1271960850;1346086945;1;1;1;2
1271960850;1346086945;2;1;1;3336
1271960850;1346086945;3;1;1;538
1271960850;1346086945;4;4;2;95937
1271960850;1346086945;5;1;1;238
1271961050;1346086945;1;1;1;2
1271961051;1346086945;2;1;1;3337
1271961051;1346086945;3;1;1;539
1271961051;1346086945;4;4;2;95936
1271961051;1346086945;5;1;1;238
1271961264;1346086945;1;1;1;2
1271961264;1346086945;2;1;1;3340
1271961264;1346086945;3;1;1;542
1271961264;1346086945;4;4;2;95933
1271961264;1346086945;5;1;1;237
1271961835;1346086945;1;1;1;7
1271961835;1346086945;2;1;1;3344
1271961835;1346086945;3;1;1;546
1271961835;1346086945;4;4;2;95928
1271961835;1346086945;5;1;1;237
1271962061;1346086945;1;1;1;7
1271962061;1346086945;2;1;1;3345
1271962063;1346086945;3;1;1;547
1271962063;1346086945;4;4;2;95927
1271962063;1346086945;5;1;1;237
1271962264;1346086945;1;1;1;7
1271962264;1346086945;2;1;1;3346
1271962264;1346086945;3;1;1;548
1271962264;1346086945;4;4;2;95926
1271962264;1346086945;5;1;1;237
1271962464;1346086945;1;1;1;2
1271962464;1346086945;2;1;1;3348
1271962464;1346086945;3;1;1;550
1271962464;1346086945;4;4;2;95924
1271962464;1346086945;5;1;1;237
1271962630;1346086945;1;1;1;2
1271962630;1346086945;2;1;1;3348
1271962630;1346086945;3;1;1;550
1271962632;1346086945;4;4;2;95924
1271962632;1346086945;5;1;1;237
1271963059;1346086945;1;1;1;2
1271963059;1346086945;2;1;1;3346
1271963059;1346086945;3;1;1;548
1271963060;1346086945;4;4;2;95926
1271963060;1346086945;5;1;1;238
1271963250;1346086945;1;1;1;2
1271963250;1346086945;2;1;1;3345
1271963250;1346086945;3;1;1;547
1271963250;1346086945;4;4;2;95927
1271963250;1346086945;5;1;1;237
1271963464;1346086945;1;1;1;2
1271963464;1346086945;2;1;1;3343
1271963464;1346086945;3;1;1;545
1271963464;1346086945;4;4;2;95930
1271963484;1346086945;5;1;1;237
1271964030;1346086945;1;1;1;4294967291
1271964030;1346086945;2;1;1;3333
1271964030;1346086945;3;1;1;535
1271964030;1346086945;4;4;2;95941
1271964030;1346086945;5;1;1;237
1271964233;1346086945;1;1;1;4294967282
1271964233;1346086945;2;1;1;3329
1271964233;1346086945;3;1;1;531
1271964233;1346086945;4;4;2;95945
1271964233;1346086945;5;1;1;238
1271964450;1346086945;1;1;1;4294967282
1271964450;1346086945;2;1;1;3325
1271964450;1346086945;3;1;1;527
1271964450;1346086945;4;4;2;95950
1271964451;1346086945;5;1;1;237
1271964664;1346086945;1;1;1;4294967282
1271964664;1346086945;2;1;1;3321
1271964664;1346086945;3;1;1;523
1271964664;1346086945;4;4;2;95955
1271964664;1346086945;5;1;1;237
1271965030;1346086945;1;1;1;4294967282
1271965030;1346086945;2;1;1;3311
1271965030;1346086945;3;1;1;513
1271965030;1346086945;4;4;2;95966
1271965030;1346086945;5;1;1;237
1271965230;1346086945;1;1;1;4294967294
1271965230;1346086945;2;1;1;3307
1271965230;1346086945;3;1;1;509
1271965231;1346086945;4;4;2;95971
1271965232;1346086945;5;1;1;237
1271965650;1346086945;1;1;1;4294967294
1271965650;1346086945;2;1;1;3298
1271965650;1346086945;3;1;1;500
1271965650;1346086945;4;4;2;95981
1271965650;1346086945;5;1;1;237
1271965864;1346086945;1;1;1;4294967282
1271965864;1346086945;2;1;1;3293
1271965864;1346086945;3;1;1;495
1271965864;1346086945;4;4;2;95987
1271965864;1346086945;5;1;1;237
1271966430;1346086945;1;1;1;4294967293
1271966430;1346086945;2;1;1;3281
1271966430;1346086945;3;1;1;483
1271966430;1346086945;4;4;2;96001
1271966432;1346086945;5;1;1;237
1271966650;1346086945;1;1;1;4294967293
1271966650;1346086945;2;1;1;3278
1271966650;1346086945;3;1;1;480
1271966650;1346086945;4;4;2;96004
1271966650;1346086945;5;1;1;237
1271966850;1346086945;1;1;1;4294967293
1271966850;1346086945;2;1;1;3274
1271966850;1346086945;3;1;1;476
1271966850;1346086945;4;4;2;96008
1271966850;1346086945;5;1;1;237
1271967064;1346086945;1;1;1;4294967284
1271967064;1346086945;2;1;1;3271
1271967064;1346086945;3;1;1;473
1271967064;1346086945;4;4;2;96012
1271967065;1346086945;5;1;1;237
1271967630;1346086945;1;1;1;4294967295
1271967630;1346086945;2;1;1;3265
1271967630;1346086945;3;1;1;467
1271967630;1346086945;4;4;2;96019
1271967630;1346086945;5;1;1;237
1271967850;1346086945;1;1;1;4294967295
1271967850;1346086945;2;1;1;3264
1271967850;1346086945;3;1;1;466
1271967850;1346086945;4;4;2;96020
1271967850;1346086945;5;1;1;237
1271968041;1346086945;1;1;1;4294967292
1271968041;1346086945;2;1;1;3263
1271968041;1346086945;3;1;1;465
1271968042;1346086945;4;4;2;96021
1271968043;1346086945;5;1;1;237
1271968430;1346086945;1;1;1;4294967292
1271968431;1346086945;2;1;1;3263
1271968431;1346086945;3;1;1;465
1271968431;1346086945;4;4;2;96021
1271968431;1346086945;5;1;1;237
1271968636;1346086945;1;1;1;4294967295
1271968636;1346086945;2;1;1;3262
1271968636;1346086945;3;1;1;464
1271968636;1346086945;4;4;2;96022
1271968636;1346086945;5;1;1;237
1271968850;1346086945;1;1;1;4294967295
1271968850;1346086945;2;1;1;3261
1271968850;1346086945;3;1;1;463
1271968850;1346086945;4;4;2;96023
1271968851;1346086945;5;1;1;237
1271969264;1346086945;1;1;1;4294967293
1271969264;1346086945;2;1;1;3260
1271969264;1346086945;3;1;1;462
1271969264;1346086945;4;4;2;96025
1271969264;1346086945;5;1;1;237
1271969431;1346086945;1;1;1;4294967293
1271969431;1346086945;2;1;1;3258
1271969431;1346086945;3;1;1;460
1271969431;1346086945;4;4;2;96027
1271969431;1346086945;5;1;1;237
1271969631;1346086945;1;1;1;4294967293
1271969631;1346086945;2;1;1;3256
1271969632;1346086945;3;1;1;458
1271969632;1346086945;4;4;2;96029
1271969633;1346086945;5;1;1;237
1271969837;1346086945;1;1;1;0
1271969837;1346086945;2;1;1;3255
1271969837;1346086945;3;1;1;457
1271969837;1346086945;4;4;2;96030
1271969837;1346086945;5;1;1;237
1271970050;1346086945;1;1;1;0
1271970050;1346086945;2;1;1;3254
1271970050;1346086945;3;1;1;456
1271970050;1346086945;4;4;2;96032
1271970050;1346086945;5;1;1;237
1271970250;1346086945;1;1;1;0
1271970250;1346086945;2;1;1;3253
1271970250;1346086945;3;1;1;455
1271970250;1346086945;4;4;2;96033
1271970250;1346086945;5;1;1;237
1271970464;1346086945;1;1;1;4294967292
1271970464;1346086945;2;1;1;3251
1271970464;1346086945;3;1;1;453
1271970464;1346086945;4;4;2;96035
1271970464;1346086945;5;1;1;237
1271970631;1346086945;1;1;1;4294967292
1271970631;1346086945;2;1;1;3249
1271970631;1346086945;3;1;1;451
1271970631;1346086945;4;4;2;96037
1271970631;1346086945;5;1;1;237
1271970831;1346086945;1;1;1;4294967292
1271970831;1346086945;2;1;1;3249
1271970831;1346086945;3;1;1;451
1271970831;1346086945;4;4;2;96037
1271970831;1346086945;5;1;1;237
1271971063;1346086945;1;1;1;4294967295
1271971063;1346086945;2;1;1;3248
1271971063;1346086945;3;1;1;450
1271971063;1346086945;4;4;2;96038
1271971063;1346086945;5;1;1;237
1271971250;1346086945;1;1;1;4294967295
1271971250;1346086945;2;1;1;3247
1271971250;1346086945;3;1;1;449
1271971250;1346086945;4;4;2;96039
1271971250;1346086945;5;1;1;237
1271971450;1346086945;1;1;1;4294967295
1271971450;1346086945;2;1;1;3247
1271971450;1346086945;3;1;1;449
1271971450;1346086945;4;4;2;96039
1271971450;1346086945;5;1;1;237
1271971664;1346086945;1;1;1;4294967295
1271971680;1346086945;2;1;1;3247
1271971680;1346086945;3;1;1;449
1271971680;1346086945;4;4;2;96039
1271971680;1346086945;5;1;1;237
1271971830;1346086945;1;1;1;4294967295
1271971830;1346086945;2;1;1;3247
1271971831;1346086945;3;1;1;449
1271971831;1346086945;4;4;2;96039
1271971831;1346086945;5;1;1;237
1271972030;1346086945;1;1;1;4294967295
1271972030;1346086945;2;1;1;3248
1271972030;1346086945;3;1;1;450
1271972030;1346086945;4;4;2;96038
1271972030;1346086945;5;1;1;237
1271972236;1346086945;1;1;1;1
1271972238;1346086945;2;1;1;3249
1271972238;1346086945;3;1;1;451
1271972238;1346086945;4;4;2;96037
1271972238;1346086945;5;1;1;237
1271972450;1346086945;1;1;1;1
1271972450;1346086945;2;1;1;3250
1271972450;1346086945;3;1;1;452
1271972450;1346086945;4;4;2;96036
1271972450;1346086945;5;1;1;237
1271972664;1346086945;1;1;1;1
1271972664;1346086945;2;1;1;3251
1271972664;1346086945;3;1;1;453
1271972664;1346086945;4;4;2;96035
1271972664;1346086945;5;1;1;237
1271972864;1346086945;1;1;1;4
1271972864;1346086945;2;1;1;3252
1271972876;1346086945;3;1;1;454
1271972876;1346086945;4;4;2;96034
1271972876;1346086945;5;1;1;237
1271973030;1346086945;1;1;1;4
1271973030;1346086945;2;1;1;3252
1271973030;1346086945;3;1;1;454
1271973030;1346086945;4;4;2;96034
1271973030;1346086945;5;1;1;237
1271973230;1346086945;1;1;1;4
1271973230;1346086945;2;1;1;3252
1271973230;1346086945;3;1;1;454
1271973230;1346086945;4;4;2;96034
1271973230;1346086945;5;1;1;237
1271973435;1346086945;1;1;1;0
1271973435;1346086945;2;1;1;3252
1271973437;1346086945;3;1;1;454
1271973437;1346086945;4;4;2;96034
1271973437;1346086945;5;1;1;237
1271973650;1346086945;1;1;1;0
1271973650;1346086945;2;1;1;3252
1271973650;1346086945;3;1;1;454
1271973650;1346086945;4;4;2;96034
1271973650;1346086945;5;1;1;237
1271973864;1346086945;1;1;1;0
1271973864;1346086945;2;1;1;3252
1271973864;1346086945;3;1;1;454
1271973864;1346086945;4;4;2;96034
1271973864;1346086945;5;1;1;237
1271974086;1346086945;1;1;1;1
1271974086;1346086945;2;1;1;3252
1271974086;1346086945;3;1;1;454
1271974088;1346086945;4;4;2;96034
1271974088;1346086945;5;1;1;237
1271974230;1346086945;1;1;1;1
1271974230;1346086945;2;1;1;3252
1271974230;1346086945;3;1;1;454
1271974230;1346086945;4;4;2;96034
1271974230;1346086945;5;1;1;237
1271974430;1346086945;1;1;1;1
1271974430;1346086945;2;1;1;3254
1271974430;1346086945;3;1;1;456
1271974430;1346086945;4;4;2;96032
1271974430;1346086945;5;1;1;237
1271974631;1346086945;1;1;1;2
1271974631;1346086945;2;1;1;3254
1271974631;1346086945;3;1;1;456
1271974631;1346086945;4;4;2;96032
1271974633;1346086945;5;1;1;237
1271974850;1346086945;1;1;1;2
1271974850;1346086945;2;1;1;3254
1271974850;1346086945;3;1;1;456
1271974850;1346086945;4;4;2;96031
1271974850;1346086945;5;1;1;237
1271975064;1346086945;1;1;1;2
1271975064;1346086945;2;1;1;3255
1271975064;1346086945;3;1;1;457
1271975064;1346086945;4;4;2;96030
1271975064;1346086945;5;1;1;237
1271975230;1346086945;1;1;1;4
1271975230;1346086945;2;1;1;3257
1271975230;1346086945;3;1;1;459
1271975230;1346086945;4;4;2;96028
1271975230;1346086945;5;1;1;237
1271975430;1346086945;1;1;1;4
1271975430;1346086945;2;1;1;3258
1271975430;1346086945;3;1;1;460
1271975430;1346086945;4;4;2;96027
1271975430;1346086945;5;1;1;237
1271975630;1346086945;1;1;1;4
1271975630;1346086945;2;1;1;3258
1271975630;1346086945;3;1;1;460
1271975630;1346086945;4;4;2;96027
1271975630;1346086945;5;1;1;237
1271975850;1346086945;1;1;1;3
1271975850;1346086945;2;1;1;3259
1271975850;1346086945;3;1;1;461
1271975850;1346086945;4;4;2;96026
1271975850;1346086945;5;1;1;237
1271976050;1346086945;1;1;1;3
1271976051;1346086945;2;1;1;3259
1271976051;1346086945;3;1;1;461
1271976051;1346086945;4;4;2;96026
1271976051;1346086945;5;1;1;237
1271976264;1346086945;1;1;1;3
1271976264;1346086945;2;1;1;3259
1271976264;1346086945;3;1;1;461
1271976264;1346086945;4;4;2;96026
1271976264;1346086945;5;1;1;237
1271976430;1346086945;1;1;1;1
1271976430;1346086945;2;1;1;3260
1271976430;1346086945;3;1;1;462
1271976430;1346086945;4;4;2;96025
1271976430;1346086945;5;1;1;237
1271976630;1346086945;1;1;1;1
1271976630;1346086945;2;1;1;3259
1271976632;1346086945;3;1;1;461
1271976632;1346086945;4;4;2;96026
1271976632;1346086945;5;1;1;237
1271977050;1346086945;1;1;1;0
1271977050;1346086945;2;1;1;3259
1271977050;1346086945;3;1;1;461
1271977050;1346086945;4;4;2;96026
1271977050;1346086945;5;1;1;237
1271977250;1346086945;1;1;1;0
1271977250;1346086945;2;1;1;3259
1271977250;1346086945;3;1;1;461
1271977250;1346086945;4;4;2;96026
1271977250;1346086945;5;1;1;237
1271977464;1346086945;1;1;1;0
1271977464;1346086945;2;1;1;3260
1271977464;1346086945;3;1;1;462
1271977465;1346086945;4;4;2;96025
1271977465;1346086945;5;1;1;237
1271977630;1346086945;1;1;1;0
1271977630;1346086945;2;1;1;3258
1271977630;1346086945;3;1;1;460
1271977630;1346086945;4;4;2;96027
1271977630;1346086945;5;1;1;237
1271977830;1346086945;1;1;1;0
1271977830;1346086945;2;1;1;3256
1271977830;1346086945;3;1;1;458
1271977830;1346086945;4;4;2;96029
1271977830;1346086945;5;1;1;237
1271978050;1346086945;1;1;1;0
1271978050;1346086945;2;1;1;3254
1271978050;1346086945;3;1;1;456
1271978050;1346086945;4;4;2;96031
1271978052;1346086945;5;1;1;237
1271978250;1346086945;1;1;1;4294967290
1271978250;1346086945;2;1;1;3252
1271978250;1346086945;3;1;1;454
1271978250;1346086945;4;4;2;96034
1271978250;1346086945;5;1;1;237
1271979250;1346086945;1;1;1;4294967292
1271979250;1346086945;2;1;1;3242
1271979250;1346086945;3;1;1;444
1271979250;1346086945;4;4;2;96045
1271979250;1346086945;5;1;1;237
1271979450;1346086945;1;1;1;4294967286
1271979450;1346086945;2;1;1;3240
1271979450;1346086945;3;1;1;442
1271979450;1346086945;4;4;2;96047
1271979452;1346086945;5;1;1;237
1271979664;1346086945;1;1;1;4294967286
1271979664;1346086945;2;1;1;3240
1271979664;1346086945;3;1;1;442
1271979664;1346086945;4;4;2;96048
1271979664;1346086945;5;1;1;237
1271979830;1346086945;1;1;1;4294967286
1271979830;1346086945;2;1;1;3239
1271979830;1346086945;3;1;1;441
1271979830;1346086945;4;4;2;96049
1271979830;1346086945;5;1;1;237
1271980230;1346086945;1;1;1;4294967295
1271980230;1346086945;2;1;1;3238
1271980230;1346086945;3;1;1;440
1271980230;1346086945;4;4;2;96050
1271980232;1346086945;5;1;1;237
1271980450;1346086945;1;1;1;4294967295
1271980450;1346086945;2;1;1;3237
1271980450;1346086945;3;1;1;439
1271980450;1346086945;4;4;2;96051
1271980450;1346086945;5;1;1;237
1271980650;1346086945;1;1;1;4294967293
1271980650;1346086945;2;1;1;3237
1271980650;1346086945;3;1;1;439
1271980650;1346086945;4;4;2;96051
1271980650;1346086945;5;1;1;237
1271980864;1346086945;1;1;1;4294967293
1271980864;1346086945;2;1;1;3238
1271980864;1346086945;3;1;1;440
1271980864;1346086945;4;4;2;96050
1271980882;1346086945;5;1;1;237
1271981030;1346086945;1;1;1;4294967293
1271981030;1346086945;2;1;1;3238
1271981030;1346086945;3;1;1;440
1271981030;1346086945;4;4;2;96050
1271981030;1346086945;5;1;1;237
1271981430;1346086945;1;1;1;1
1271981430;1346086945;2;1;1;3238
1271981431;1346086945;3;1;1;440
1271981431;1346086945;4;4;2;96050
1271981431;1346086945;5;1;1;237
1271981650;1346086945;1;1;1;1
1271981650;1346086945;2;1;1;3237
1271981650;1346086945;3;1;1;439
1271981650;1346086945;4;4;2;96051
1271981652;1346086945;5;1;1;237
1271981850;1346086945;1;1;1;0
1271981850;1346086945;2;1;1;3236
1271981850;1346086945;3;1;1;438
1271981850;1346086945;4;4;2;96052
1271981850;1346086945;5;1;1;237
1271982064;1346086945;1;1;1;0
1271982064;1346086945;2;1;1;3236
1271982064;1346086945;3;1;1;438
1271982064;1346086945;4;4;2;96052
1271982064;1346086945;5;1;1;237
1271982438;1346086945;1;1;1;4294967293
1271982438;1346086945;2;1;1;3234
1271982438;1346086945;3;1;1;436
1271982438;1346086945;4;4;2;96054
1271982438;1346086945;5;1;1;237
1271982650;1346086945;1;1;1;4294967293
1271982650;1346086945;2;1;1;3233
1271982650;1346086945;3;1;1;435
1271982650;1346086945;4;4;2;96056
1271982650;1346086945;5;1;1;237
1271982850;1346086945;1;1;1;4294967293
1271982850;1346086945;2;1;1;3230
1271982850;1346086945;3;1;1;432
1271982850;1346086945;4;4;2;96059
1271982850;1346086945;5;1;1;237
1271983041;1346086945;1;1;1;4294967295
1271983041;1346086945;2;1;1;3227
1271983041;1346086945;3;1;1;429
1271983042;1346086945;4;4;2;96062
1271983042;1346086945;5;1;1;237
1271983264;1346086945;1;1;1;4294967295
1271983264;1346086945;2;1;1;3224
1271983264;1346086945;3;1;1;426
1271983264;1346086945;4;4;2;96066
1271983264;1346086945;5;1;1;237
1271983432;1346086945;1;1;1;4294967295
1271983432;1346086945;2;1;1;3220
1271983432;1346086945;3;1;1;422
1271983432;1346086945;4;4;2;96070
1271983432;1346086945;5;1;1;237
1271983636;1346086945;1;1;1;4294967286
1271983636;1346086945;2;1;1;3218
1271983636;1346086945;3;1;1;420
1271983636;1346086945;4;4;2;96073
1271983636;1346086945;5;1;1;236
1271983850;1346086945;1;1;1;4294967286
1271983850;1346086945;2;1;1;3214
1271983850;1346086945;3;1;1;416
1271983850;1346086945;4;4;2;96077
1271983850;1346086945;5;1;1;237
1271984050;1346086945;1;1;1;4294967286
1271984050;1346086945;2;1;1;3211
1271984050;1346086945;3;1;1;413
1271984050;1346086945;4;4;2;96081
1271984050;1346086945;5;1;1;237
1271984264;1346086945;1;1;1;4294967291
1271984264;1346086945;2;1;1;3206
1271984264;1346086945;3;1;1;408
1271984264;1346086945;4;4;2;96086
1271984264;1346086945;5;1;1;237
1271984630;1346086945;1;1;1;4294967291
1271984630;1346086945;2;1;1;3198
1271984630;1346086945;3;1;1;400
1271984630;1346086945;4;4;2;96096
1271984630;1346086945;5;1;1;237
1271984836;1346086945;1;1;1;4294967278
1271984836;1346086945;2;1;1;3193
1271984836;1346086945;3;1;1;395
1271984836;1346086945;4;4;2;96101
1271984836;1346086945;5;1;1;237
1271985050;1346086945;1;1;1;4294967278
1271985050;1346086945;2;1;1;3190
1271985050;1346086945;3;1;1;392
1271985050;1346086945;4;4;2;96105
1271985050;1346086945;5;1;1;237
1271985250;1346086945;1;1;1;4294967278
1271985250;1346086945;2;1;1;3186
1271985250;1346086945;3;1;1;388
1271985250;1346086945;4;4;2;96109
1271985250;1346086945;5;1;1;237
1271985464;1346086945;1;1;1;4294967289
1271985464;1346086945;2;1;1;3183
1271985464;1346086945;3;1;1;385
1271985464;1346086945;4;4;2;96113
1271985464;1346086945;5;1;1;236
1271986250;1346086945;1;1;1;4294967282
1271986250;1346086945;2;1;1;3172
1271986250;1346086945;3;1;1;374
1271986250;1346086945;4;4;2;96126
1271986250;1346086945;5;1;1;237
1271986450;1346086945;1;1;1;4294967294
1271986450;1346086945;2;1;1;3171
1271986450;1346086945;3;1;1;373
1271986450;1346086945;4;4;2;96127
1271986450;1346086945;5;1;1;237
1271986664;1346086945;1;1;1;4294967294
1271986664;1346086945;2;1;1;3169
1271986664;1346086945;3;1;1;371
1271986664;1346086945;4;4;2;96129
1271986664;1346086945;5;1;1;237
1271986830;1346086945;1;1;1;4294967294
1271986830;1346086945;2;1;1;3169
1271986830;1346086945;3;1;1;371
1271986830;1346086945;4;4;2;96129
1271986830;1346086945;5;1;1;236
1271988030;1346086945;1;1;1;0
1271988030;1346086945;2;1;1;3167
1271988030;1346086945;3;1;1;369
1271988030;1346086945;4;4;2;96131
1271988030;1346086945;5;1;1;236
1271988230;1346086945;1;1;1;0
1271988230;1346086945;2;1;1;3168
1271988230;1346086945;3;1;1;370
1271988230;1346086945;4;4;2;96130
1271988230;1346086945;5;1;1;236
1271988434;1346086945;1;1;1;0
1271988435;1346086945;2;1;1;3167
1271988435;1346086945;3;1;1;369
1271988435;1346086945;4;4;2;96131
1271988435;1346086945;5;1;1;236
1271988851;1346086945;1;1;1;4294967295
1271988852;1346086945;2;1;1;3166
1271988852;1346086945;3;1;1;368
1271988852;1346086945;4;4;2;96132
1271988852;1346086945;5;1;1;236
1271989054;1346086945;1;1;1;4294967295
1271989054;1346086945;2;1;1;3167
1271989054;1346086945;3;1;1;369
1271989054;1346086945;4;4;2;96131
1271989054;1346086945;5;1;1;236
1271989251;1346086945;1;1;1;4294967295
1271989251;1346086945;2;1;1;3167
1271989251;1346086945;3;1;1;369
1271989251;1346086945;4;4;2;96131
1271989251;1346086945;5;1;1;236
1271989450;1346086945;1;1;1;4294967295
1271989451;1346086945;2;1;1;3166
1271989451;1346086945;3;1;1;368
1271989451;1346086945;4;4;2;96132
1271989451;1346086945;5;1;1;236
1271989650;1346086945;1;1;1;4294967295
1271989650;1346086945;2;1;1;3166
1271989650;1346086945;3;1;1;368
1271989650;1346086945;4;4;2;96132
1271989650;1346086945;5;1;1;236
1271989850;1346086945;1;1;1;4294967295
1271989850;1346086945;2;1;1;3165
1271989850;1346086945;3;1;1;367
1271989850;1346086945;4;4;2;96133
1271989850;1346086945;5;1;1;236
1271990051;1346086945;1;1;1;4294967295
1271990052;1346086945;2;1;1;3165
1271990052;1346086945;3;1;1;367
1271990052;1346086945;4;4;2;96133
1271990052;1346086945;5;1;1;236
1271990251;1346086945;1;1;1;4294967295
1271990251;1346086945;2;1;1;3164
1271990251;1346086945;3;1;1;366
1271990251;1346086945;4;4;2;96135
1271990251;1346086945;5;1;1;236
1271990451;1346086945;1;1;1;4294967295
1271990451;1346086945;2;1;1;3162
1271990451;1346086945;3;1;1;364
1271990451;1346086945;4;4;2;96137
1271990451;1346086945;5;1;1;236
1271990650;1346086945;1;1;1;4294967291
1271990651;1346086945;2;1;1;3160
1271990651;1346086945;3;1;1;362
1271990651;1346086945;4;4;2;96139
1271990652;1346086945;5;1;1;236
1271990850;1346086945;1;1;1;4294967291
1271990850;1346086945;2;1;1;3159
1271990850;1346086945;3;1;1;361
1271990850;1346086945;4;4;2;96140
1271990850;1346086945;5;1;1;236
1271991050;1346086945;1;1;1;4294967291
1271991050;1346086945;2;1;1;3158
1271991050;1346086945;3;1;1;360
1271991050;1346086945;4;4;2;96141
1271991050;1346086945;5;1;1;236
1271991251;1346086945;1;1;1;4294967293
1271991253;1346086945;2;1;1;3158
1271991253;1346086945;3;1;1;360
1271991253;1346086945;4;4;2;96142
1271991253;1346086945;5;1;1;236
1271991452;1346086945;1;1;1;4294967293
1271991452;1346086945;2;1;1;3158
1271991452;1346086945;3;1;1;360
1271991452;1346086945;4;4;2;96142
1271991452;1346086945;5;1;1;236
1271991650;1346086945;1;1;1;4294967293
1271991650;1346086945;2;1;1;3158
1271991650;1346086945;3;1;1;360
1271991650;1346086945;4;4;2;96142
1271991650;1346086945;5;1;1;236
1271991850;1346086945;1;1;1;0
1271991850;1346086945;2;1;1;3158
1271991851;1346086945;3;1;1;360
1271991851;1346086945;4;4;2;96141
1271991852;1346086945;5;1;1;236
1271992049;1346086945;1;1;1;0
1271992049;1346086945;2;1;1;3159
1271992050;1346086945;3;1;1;361
1271992050;1346086945;4;4;2;96140
1271992050;1346086945;5;1;1;236
1271992250;1346086945;1;1;1;0
1271992250;1346086945;2;1;1;3160
1271992250;1346086945;3;1;1;362
1271992250;1346086945;4;4;2;96139
1271992250;1346086945;5;1;1;236
1271992453;1346086945;1;1;1;2
1271992453;1346086945;2;1;1;3161
1271992453;1346086945;3;1;1;363
1271992455;1346086945;4;4;2;96138
1271992455;1346086945;5;1;1;236
1271992653;1346086945;1;1;1;2
1271992653;1346086945;2;1;1;3162
1271992653;1346086945;3;1;1;364
1271992653;1346086945;4;4;2;96137
1271992653;1346086945;5;1;1;236
1271992850;1346086945;1;1;1;2
1271992850;1346086945;2;1;1;3162
1271992850;1346086945;3;1;1;364
1271992850;1346086945;4;4;2;96137
1271992850;1346086945;5;1;1;236
1271993050;1346086945;1;1;1;1
1271993050;1346086945;2;1;1;3163
1271993050;1346086945;3;1;1;365
1271993050;1346086945;4;4;2;96136
1271993052;1346086945;5;1;1;236
1271993250;1346086945;1;1;1;1
1271993250;1346086945;2;1;1;3164
1271993250;1346086945;3;1;1;366
1271993250;1346086945;4;4;2;96135
1271993250;1346086945;5;1;1;236
1271993453;1346086945;1;1;1;1
1271993453;1346086945;2;1;1;3165
1271993453;1346086945;3;1;1;367
1271993453;1346086945;4;4;2;96134
1271993453;1346086945;5;1;1;236
1271993653;1346086945;1;1;1;2
1271993653;1346086945;2;1;1;3164
1271993653;1346086945;3;1;1;366
1271993653;1346086945;4;4;2;96135
1271993655;1346086945;5;1;1;236
1271993853;1346086945;1;1;1;2
1271993853;1346086945;2;1;1;3162
1271993853;1346086945;3;1;1;364
1271993853;1346086945;4;4;2;96137
1271993853;1346086945;5;1;1;236
1271994078;1346086945;1;1;1;2
1271994078;1346086945;2;1;1;3161
1271994079;1346086945;3;1;1;363
1271994079;1346086945;4;4;2;96138
1271994079;1346086945;5;1;1;236
1271994250;1346086945;1;1;1;4294967294
1271994250;1346086945;2;1;1;3158
1271994250;1346086945;3;1;1;360
1271994250;1346086945;4;4;2;96141
1271994250;1346086945;5;1;1;236
1271994450;1346086945;1;1;1;4294967294
1271994450;1346086945;2;1;1;3156
1271994450;1346086945;3;1;1;358
1271994450;1346086945;4;4;2;96144
1271994450;1346086945;5;1;1;236
1271994654;1346086945;1;1;1;4294967294
1271994654;1346086945;2;1;1;3153
1271994654;1346086945;3;1;1;355
1271994654;1346086945;4;4;2;96147
1271994654;1346086945;5;1;1;236
1271995053;1346086945;1;1;1;4294967286
1271995053;1346086945;2;1;1;3145
1271995053;1346086945;3;1;1;347
1271995053;1346086945;4;4;2;96156
1271995053;1346086945;5;1;1;236
1271995275;1346086945;1;1;1;4294967286
1271995275;1346086945;2;1;1;3143
1271995275;1346086945;3;1;1;345
1271995275;1346086945;4;4;2;96159
1271995275;1346086945;5;1;1;236
1271995450;1346086945;1;1;1;4294967288
1271995450;1346086945;2;1;1;3139
1271995450;1346086945;3;1;1;341
1271995450;1346086945;4;4;2;96164
1271995450;1346086945;5;1;1;236
1271995650;1346086945;1;1;1;4294967288
1271995650;1346086945;2;1;1;3136
1271995650;1346086945;3;1;1;338
1271995650;1346086945;4;4;2;96167
1271995650;1346086945;5;1;1;236
1271995854;1346086945;1;1;1;4294967288
1271995854;1346086945;2;1;1;3134
1271995854;1346086945;3;1;1;336
1271995854;1346086945;4;4;2;96169
1271995854;1346086945;5;1;1;236
1271996650;1346086945;1;1;1;4294967292
1271996650;1346086945;2;1;1;3125
1271996650;1346086945;3;1;1;327
1271996650;1346086945;4;4;2;96179
1271996650;1346086945;5;1;1;236
1271996850;1346086945;1;1;1;4294967292
1271996850;1346086945;2;1;1;3125
1271996850;1346086945;3;1;1;327
1271996850;1346086945;4;4;2;96180
1271996850;1346086945;5;1;1;236
1271997065;1346086945;1;1;1;4294967288
1271997065;1346086945;2;1;1;3123
1271997065;1346086945;3;1;1;325
1271997065;1346086945;4;4;2;96182
1271997065;1346086945;5;1;1;236
1271997850;1346086945;1;1;1;4294967294
1271997850;1346086945;2;1;1;3118
1271997850;1346086945;3;1;1;320
1271997850;1346086945;4;4;2;96188
1271997850;1346086945;5;1;1;236
1271998051;1346086945;1;1;1;4294967294
1271998051;1346086945;2;1;1;3116
1271998051;1346086945;3;1;1;318
1271998051;1346086945;4;4;2;96190
1271998051;1346086945;5;1;1;236
1271998450;1346086945;1;1;1;4294967288
1271998451;1346086945;2;1;1;3115
1271998451;1346086945;3;1;1;317
1271998451;1346086945;4;4;2;96191
1271998451;1346086945;5;1;1;236
1271998650;1346086945;1;1;1;4294967288
1271998650;1346086945;2;1;1;3112
1271998650;1346086945;3;1;1;314
1271998650;1346086945;4;4;2;96195
1271998650;1346086945;5;1;1;236
1271999050;1346086945;1;1;1;4294967289
1271999050;1346086945;2;1;1;3105
1271999050;1346086945;3;1;1;307
1271999050;1346086945;4;4;2;96203
1271999050;1346086945;5;1;1;236
1271999251;1346086945;1;1;1;4294967289
1271999251;1346086945;2;1;1;3102
1271999251;1346086945;3;1;1;304
1271999251;1346086945;4;4;2;96206
1271999251;1346086945;5;1;1;236
1271999458;1346086945;1;1;1;4294967281
1271999458;1346086945;2;1;1;3099
1271999458;1346086945;3;1;1;301
1271999458;1346086945;4;4;2;96209
1271999458;1346086945;5;1;1;236
1272000250;1346086945;1;1;1;4294967289
1272000250;1346086945;2;1;1;3087
1272000250;1346086945;3;1;1;289
1272000250;1346086945;4;4;2;96223
1272000250;1346086945;5;1;1;236
1272000656;1346086945;1;1;1;4294967280
1272000656;1346086945;2;1;1;3081
1272000656;1346086945;3;1;1;283
1272000657;1346086945;4;4;2;96230
1272000657;1346086945;5;1;1;236
1272001450;1346086945;1;1;1;4294967286
1272001450;1346086945;2;1;1;3067
1272001450;1346086945;3;1;1;269
1272001450;1346086945;4;4;2;96246
1272001450;1346086945;5;1;1;236
1272002236;1346086945;1;1;1;4294967292
1272002236;1346086945;2;1;1;3060
1272002237;1346086945;3;1;1;262
1272002237;1346086945;4;4;2;96254
1272002237;1346086945;5;1;1;236
1272002650;1346086945;1;1;1;4294967292
1272002650;1346086945;2;1;1;3060
1272002650;1346086945;3;1;1;262
1272002650;1346086945;4;4;2;96254
1272002650;1346086945;5;1;1;236
1272002851;1346086945;1;1;1;4294967292
1272002851;1346086945;2;1;1;3060
1272002851;1346086945;3;1;1;262
1272002851;1346086945;4;4;2;96254
1272002851;1346086945;5;1;1;236
1272003085;1346086945;1;1;1;4294967291
1272003085;1346086945;2;1;1;3062
1272003085;1346086945;3;1;1;264
1272003085;1346086945;4;4;2;96252
1272003085;1346086945;5;1;1;236
1272003250;1346086945;1;1;1;4294967291
1272003251;1346086945;2;1;1;3064
1272003251;1346086945;3;1;1;266
1272003251;1346086945;4;4;2;96250
1272003251;1346086945;5;1;1;236
1272003648;1346086945;1;1;1;5
1272003649;1346086945;2;1;1;3065
1272003649;1346086945;3;1;1;267
1272003649;1346086945;4;4;2;96249
1272003649;1346086945;5;1;1;236
1272003852;1346086945;1;1;1;5
1272003852;1346086945;2;1;1;3066
1272003852;1346086945;3;1;1;268
1272003852;1346086945;4;4;2;96247
1272003852;1346086945;5;1;1;236
1272004450;1346086945;1;1;1;0
1272004451;1346086945;2;1;1;3069
1272004451;1346086945;3;1;1;271
1272004451;1346086945;4;4;2;96244
1272004451;1346086945;5;1;1;236
1272004845;1346086945;1;1;1;2
1272004845;1346086945;2;1;1;3069
1272004845;1346086945;3;1;1;271
1272004845;1346086945;4;4;2;96244
1272004845;1346086945;5;1;1;236
1272005053;1346086945;1;1;1;2
1272005053;1346086945;2;1;1;3068
1272005053;1346086945;3;1;1;270
1272005053;1346086945;4;4;2;96245
1272005053;1346086945;5;1;1;236
1272005253;1346086945;1;1;1;2
1272005253;1346086945;2;1;1;3066
1272005273;1346086945;3;1;1;268
1272005273;1346086945;4;4;2;96247
1272005273;1346086945;5;1;1;236
1272005478;1346086945;1;1;1;4294967294
1272005478;1346086945;2;1;1;3061
1272005478;1346086945;3;1;1;263
1272005478;1346086945;4;4;2;96253
1272005478;1346086945;5;1;1;236
1272006044;1346086945;1;1;1;4294967286
1272006044;1346086945;2;1;1;3055
1272006045;1346086945;3;1;1;257
1272006045;1346086945;4;4;2;96260
1272006045;1346086945;5;1;1;236
1272006253;1346086945;1;1;1;4294967286
1272006253;1346086945;2;1;1;3052
1272006255;1346086945;3;1;1;254
1272006255;1346086945;4;4;2;96263
1272006255;1346086945;5;1;1;236
1272006453;1346086945;1;1;1;4294967286
1272006453;1346086945;2;1;1;3050
1272006453;1346086945;3;1;1;252
1272006453;1346086945;4;4;2;96266
1272006453;1346086945;5;1;1;236
1272006685;1346086945;1;1;1;4294967292
1272006685;1346086945;2;1;1;3046
1272006685;1346086945;3;1;1;248
1272006685;1346086945;4;4;2;96270
1272006685;1346086945;5;1;1;236
1272006850;1346086945;1;1;1;4294967292
1272006850;1346086945;2;1;1;3044
1272006851;1346086945;3;1;1;246
1272006851;1346086945;4;4;2;96272
1272006852;1346086945;5;1;1;236
1272007245;1346086945;1;1;1;4294967284
1272007245;1346086945;2;1;1;3039
1272007245;1346086945;3;1;1;241
1272007245;1346086945;4;4;2;96278
1272007245;1346086945;5;1;1;236
1272007453;1346086945;1;1;1;4294967284
1272007453;1346086945;2;1;1;3037
1272007453;1346086945;3;1;1;239
1272007453;1346086945;4;4;2;96281
1272007453;1346086945;5;1;1;236
1272007652;1346086945;1;1;1;4294967284
1272007652;1346086945;2;1;1;3033
1272007654;1346086945;3;1;1;235
1272007654;1346086945;4;4;2;96285
1272007654;1346086945;5;1;1;235
1272007883;1346086945;1;1;1;4294967290
1272007883;1346086945;2;1;1;3031
1272007883;1346086945;3;1;1;233
1272007883;1346086945;4;4;2;96288
1272007883;1346086945;5;1;1;236
1272008050;1346086945;1;1;1;4294967290
1272008050;1346086945;2;1;1;3028
1272008050;1346086945;3;1;1;230
1272008050;1346086945;4;4;2;96291
1272008050;1346086945;5;1;1;235
1272008248;1346086945;1;1;1;4294967290
1272008248;1346086945;2;1;1;3025
1272008250;1346086945;3;1;1;227
1272008250;1346086945;4;4;2;96295
1272008250;1346086945;5;1;1;236
1272008652;1346086945;1;1;1;4294967282
1272008652;1346086945;2;1;1;3018
1272008652;1346086945;3;1;1;220
1272008652;1346086945;4;4;2;96303
1272008652;1346086945;5;1;1;235
1272008852;1346086945;1;1;1;4294967289
1272008852;1346086945;2;1;1;3014
1272008852;1346086945;3;1;1;216
1272008852;1346086945;4;4;2;96307
1272008852;1346086945;5;1;1;236
1272009078;1346086945;1;1;1;4294967289
1272009078;1346086945;2;1;1;3011
1272009080;1346086945;3;1;1;213
1272009081;1346086945;4;4;2;96311
1272009081;1346086945;5;1;1;235
1272009450;1346086945;1;1;1;4294967289
1272009450;1346086945;2;1;1;3006
1272009450;1346086945;3;1;1;208
1272009450;1346086945;4;4;2;96316
1272009450;1346086945;5;1;1;235
1272009651;1346086945;1;1;1;4294967279
1272009651;1346086945;2;1;1;3004
1272009651;1346086945;3;1;1;206
1272009651;1346086945;4;4;2;96319
1272009652;1346086945;5;1;1;235
1272009851;1346086945;1;1;1;4294967279
1272009851;1346086945;2;1;1;3002
1272009854;1346086945;3;1;1;204
1272009854;1346086945;4;4;2;96321
1272009855;1346086945;5;1;1;235
1272010050;1346086945;1;1;1;4294967279
1272010051;1346086945;2;1;1;2999
1272010051;1346086945;3;1;1;201
1272010051;1346086945;4;4;2;96324
1272010051;1346086945;5;1;1;235
1272010450;1346086945;1;1;1;4294967290
1272010450;1346086945;2;1;1;2993
1272010450;1346086945;3;1;1;195
1272010450;1346086945;4;4;2;96331
1272010450;1346086945;5;1;1;235
1272010650;1346086945;1;1;1;4294967290
1272010650;1346086945;2;1;1;2991
1272010650;1346086945;3;1;1;193
1272010651;1346086945;4;4;2;96334
1272010651;1346086945;5;1;1;235
1272010852;1346086945;1;1;1;4294967294
1272010852;1346086945;2;1;1;2987
1272010852;1346086945;3;1;1;189
1272010852;1346086945;4;4;2;96338
1272010852;1346086945;5;1;1;235
1272011050;1346086945;1;1;1;4294967294
1272011051;1346086945;2;1;1;2984
1272011051;1346086945;3;1;1;186
1272011051;1346086945;4;4;2;96342
1272011051;1346086945;5;1;1;235
1272011250;1346086945;1;1;1;4294967294
1272011251;1346086945;2;1;1;2980
1272011251;1346086945;3;1;1;182
1272011252;1346086945;4;4;2;96346
1272011252;1346086945;5;1;1;235
1272011471;1346086945;1;1;1;4294967283
1272011471;1346086945;2;1;1;2977
1272011471;1346086945;3;1;1;179
1272011471;1346086945;4;4;2;96350
1272011471;1346086945;5;1;1;235
1272011650;1346086945;1;1;1;4294967283
1272011650;1346086945;2;1;1;2974
1272011650;1346086945;3;1;1;176
1272011650;1346086945;4;4;2;96353
1272011650;1346086945;5;1;1;235
1272011850;1346086945;1;1;1;4294967295
1272011850;1346086945;2;1;1;2971
1272011850;1346086945;3;1;1;173
1272011851;1346086945;4;4;2;96357
1272011851;1346086945;5;1;1;235
1272012064;1346086945;1;1;1;4294967295
1272012065;1346086945;2;1;1;2969
1272012065;1346086945;3;1;1;171
1272012065;1346086945;4;4;2;96359
1272012065;1346086945;5;1;1;235
1272012250;1346086945;1;1;1;4294967295
1272012251;1346086945;2;1;1;2967
1272012251;1346086945;3;1;1;169
1272012251;1346086945;4;4;2;96361
1272012251;1346086945;5;1;1;235
1272013451;1346086945;1;1;1;4294967290
1272013451;1346086945;2;1;1;2955
1272013451;1346086945;3;1;1;157
1272013452;1346086945;4;4;2;96375
1272013452;1346086945;5;1;1;235
1272013650;1346086945;1;1;1;4294967290
1272013650;1346086945;2;1;1;2952
1272013650;1346086945;3;1;1;154
1272013650;1346086945;4;4;2;96378
1272013650;1346086945;5;1;1;235
1272013864;1346086945;1;1;1;4294967290
1272013865;1346086945;2;1;1;2950
1272013865;1346086945;3;1;1;152
1272013865;1346086945;4;4;2;96381
1272013865;1346086945;5;1;1;235
1272014651;1346086945;1;1;1;4294967291
1272014651;1346086945;2;1;1;2945
1272014651;1346086945;3;1;1;147
1272014653;1346086945;4;4;2;96386
1272014653;1346086945;5;1;1;235
1272014850;1346086945;1;1;1;4294967291
1272014850;1346086945;2;1;1;2945
1272014850;1346086945;3;1;1;147
1272014850;1346086945;4;4;2;96386
1272014850;1346086945;5;1;1;235
1272015061;1346086945;1;1;1;4294967291
1272015061;1346086945;2;1;1;2944
1272015061;1346086945;3;1;1;146
1272015061;1346086945;4;4;2;96387
1272015061;1346086945;5;1;1;235
1272015250;1346086945;1;1;1;0
1272015250;1346086945;2;1;1;2944
1272015250;1346086945;3;1;1;146
1272015251;1346086945;4;4;2;96387
1272015252;1346086945;5;1;1;235
1272015452;1346086945;1;1;1;0
1272015452;1346086945;2;1;1;2944
1272015452;1346086945;3;1;1;146
1272015452;1346086945;4;4;2;96387
1272015452;1346086945;5;1;1;235
1272015657;1346086945;1;1;1;0
1272015657;1346086945;2;1;1;2944
1272015657;1346086945;3;1;1;146
1272015657;1346086945;4;4;2;96388
1272015657;1346086945;5;1;1;235
1272015852;1346086945;1;1;1;4294967295
1272015852;1346086945;2;1;1;2944
1272015852;1346086945;3;1;1;146
1272015852;1346086945;4;4;2;96388
1272015853;1346086945;5;1;1;235
1272016050;1346086945;1;1;1;4294967295
1272016050;1346086945;2;1;1;2944
1272016050;1346086945;3;1;1;146
1272016050;1346086945;4;4;2;96387
1272016050;1346086945;5;1;1;235
1272016256;1346086945;1;1;1;4294967295
1272016256;1346086945;2;1;1;2944
1272016256;1346086945;3;1;1;146
1272016257;1346086945;4;4;2;96387
1272016257;1346086945;5;1;1;235
1272016450;1346086945;1;1;1;0
1272016450;1346086945;2;1;1;2945
1272016450;1346086945;3;1;1;147
1272016450;1346086945;4;4;2;96386
1272016451;1346086945;5;1;1;235
1272016652;1346086945;1;1;1;0
1272016652;1346086945;2;1;1;2946
1272016652;1346086945;3;1;1;148
1272016652;1346086945;4;4;2;96385
1272016652;1346086945;5;1;1;235
1272016886;1346086945;1;1;1;0
1272016886;1346086945;2;1;1;2947
1272016886;1346086945;3;1;1;149
1272016886;1346086945;4;4;2;96384
1272016886;1346086945;5;1;1;235
1272017050;1346086945;1;1;1;2
1272017050;1346086945;2;1;1;2946
1272017050;1346086945;3;1;1;148
1272017050;1346086945;4;4;2;96385
1272017051;1346086945;5;1;1;235
1272017250;1346086945;1;1;1;2
1272017250;1346086945;2;1;1;2947
1272017250;1346086945;3;1;1;149
1272017250;1346086945;4;4;2;96384
1272017250;1346086945;5;1;1;235
1272017452;1346086945;1;1;1;2
1272017452;1346086945;2;1;1;2946
1272017452;1346086945;3;1;1;148
1272017453;1346086945;4;4;2;96385
1272017453;1346086945;5;1;1;235
1272017650;1346086945;1;1;1;0
1272017650;1346086945;2;1;1;2946
1272017650;1346086945;3;1;1;148
1272017650;1346086945;4;4;2;96385
1272017650;1346086945;5;1;1;235
1272017852;1346086945;1;1;1;0
1272017854;1346086945;2;1;1;2945
1272017854;1346086945;3;1;1;147
1272017854;1346086945;4;4;2;96386
1272017854;1346086945;5;1;1;235
1272018072;1346086945;1;1;1;0
1272018072;1346086945;2;1;1;2944
1272018072;1346086945;3;1;1;146
1272018072;1346086945;4;4;2;96387
1272018072;1346086945;5;1;1;235
1272018250;1346086945;1;1;1;4294967294
1272018250;1346086945;2;1;1;2944
1272018250;1346086945;3;1;1;146
1272018250;1346086945;4;4;2;96388
1272018250;1346086945;5;1;1;235
1272018450;1346086945;1;1;1;4294967294
1272018451;1346086945;2;1;1;2943
1272018451;1346086945;3;1;1;145
1272018452;1346086945;4;4;2;96389
1272018452;1346086945;5;1;1;235
1272018651;1346086945;1;1;1;4294967294
1272018651;1346086945;2;1;1;2942
1272018651;1346086945;3;1;1;144
1272018651;1346086945;4;4;2;96390
1272018651;1346086945;5;1;1;235
1272018853;1346086945;1;1;1;4294967293
1272018853;1346086945;2;1;1;2940
1272018853;1346086945;3;1;1;142
1272018853;1346086945;4;4;2;96392
1272018853;1346086945;5;1;1;235
1272019053;1346086945;1;1;1;4294967293
1272019055;1346086945;2;1;1;2939
1272019055;1346086945;3;1;1;141
1272019055;1346086945;4;4;2;96393
1272019055;1346086945;5;1;1;235
1272019271;1346086945;1;1;1;4294967293
1272019271;1346086945;2;1;1;2938
1272019271;1346086945;3;1;1;140
1272019271;1346086945;4;4;2;96395
1272019271;1346086945;5;1;1;235
1272019650;1346086945;1;1;1;4294967290
1272019650;1346086945;2;1;1;2935
1272019650;1346086945;3;1;1;137
1272019650;1346086945;4;4;2;96398
1272019650;1346086945;5;1;1;235
1272019847;1346086945;1;1;1;4294967290
1272019848;1346086945;2;1;1;2932
1272019848;1346086945;3;1;1;134
1272019848;1346086945;4;4;2;96401
1272019848;1346086945;5;1;1;235
1272020052;1346086945;1;1;1;4294967289
1272020052;1346086945;2;1;1;2930
1272020052;1346086945;3;1;1;132
1272020052;1346086945;4;4;2;96404
1272020052;1346086945;5;1;1;235
1272020252;1346086945;1;1;1;4294967289
1272020252;1346086945;2;1;1;2928
1272020252;1346086945;3;1;1;130
1272020252;1346086945;4;4;2;96406
1272020252;1346086945;5;1;1;235
1272020478;1346086945;1;1;1;4294967289
1272020480;1346086945;2;1;1;2926
1272020480;1346086945;3;1;1;128
1272020480;1346086945;4;4;2;96408
1272020480;1346086945;5;1;1;235
1272020650;1346086945;1;1;1;4294967284
1272020650;1346086945;2;1;1;2925
1272020650;1346086945;3;1;1;127
1272020650;1346086945;4;4;2;96409
1272020650;1346086945;5;1;1;235
1272021044;1346086945;1;1;1;4294967295
1272021044;1346086945;2;1;1;2925
1272021044;1346086945;3;1;1;127
1272021045;1346086945;4;4;2;96409
1272021045;1346086945;5;1;1;235
1272021252;1346086945;1;1;1;4294967295
1272021254;1346086945;2;1;1;2927
1272021254;1346086945;3;1;1;129
1272021254;1346086945;4;4;2;96407
1272021254;1346086945;5;1;1;235
1272021452;1346086945;1;1;1;4294967295
1272021452;1346086945;2;1;1;2929
1272021452;1346086945;3;1;1;131
1272021452;1346086945;4;4;2;96405
1272021452;1346086945;5;1;1;235
1272021685;1346086945;1;1;1;5
1272021685;1346086945;2;1;1;2931
1272021685;1346086945;3;1;1;133
1272021685;1346086945;4;4;2;96403
1272021685;1346086945;5;1;1;235
1272021850;1346086945;1;1;1;5
1272021850;1346086945;2;1;1;2932
1272021851;1346086945;3;1;1;134
1272021852;1346086945;4;4;2;96401
1272021852;1346086945;5;1;1;235
1272022050;1346086945;1;1;1;5
1272022050;1346086945;2;1;1;2933
1272022050;1346086945;3;1;1;135
1272022050;1346086945;4;4;2;96400
1272022050;1346086945;5;1;1;235
1272022244;1346086945;1;1;1;2
1272022244;1346086945;2;1;1;2933
1272022244;1346086945;3;1;1;135
1272022244;1346086945;4;4;2;96400
1272022244;1346086945;5;1;1;235
1272022450;1346086945;1;1;1;2
1272022450;1346086945;2;1;1;2933
1272022450;1346086945;3;1;1;135
1272022452;1346086945;4;4;2;96400
1272022452;1346086945;5;1;1;235
1272022650;1346086945;1;1;1;2
1272022650;1346086945;2;1;1;2931
1272022650;1346086945;3;1;1;133
1272022651;1346086945;4;4;2;96402
1272022651;1346086945;5;1;1;235
1272022882;1346086945;1;1;1;0
1272022882;1346086945;2;1;1;2929
1272022883;1346086945;3;1;1;131
1272022883;1346086945;4;4;2;96405
1272022883;1346086945;5;1;1;235
1272023050;1346086945;1;1;1;0
1272023050;1346086945;2;1;1;2926
1272023050;1346086945;3;1;1;128
1272023050;1346086945;4;4;2;96408
1272023051;1346086945;5;1;1;235
1272023250;1346086945;1;1;1;0
1272023250;1346086945;2;1;1;2923
1272023250;1346086945;3;1;1;125
1272023250;1346086945;4;4;2;96412
1272023250;1346086945;5;1;1;235
1272023444;1346086945;1;1;1;4294967285
1272023444;1346086945;2;1;1;2918
1272023444;1346086945;3;1;1;120
1272023445;1346086945;4;4;2;96417
1272023445;1346086945;5;1;1;235
1272025050;1346086945;1;1;1;4294967295
1272025050;1346086945;2;1;1;2886
1272025050;1346086945;3;1;1;88
1272025051;1346086945;4;4;2;96454
1272025052;1346086945;5;1;1;235
1272025450;1346086945;1;1;1;4294967295
1272025450;1346086945;2;1;1;2884
1272025450;1346086945;3;1;1;86
1272025450;1346086945;4;4;2;96456
1272025450;1346086945;5;1;1;235
1272025650;1346086945;1;1;1;4294967295
1272025650;1346086945;2;1;1;2884
1272025650;1346086945;3;1;1;86
1272025650;1346086945;4;4;2;96457
1272025650;1346086945;5;1;1;235
1272025852;1346086945;1;1;1;4294967292
1272025852;1346086945;2;1;1;2883
1272025852;1346086945;3;1;1;85
1272025852;1346086945;4;4;2;96458
1272025853;1346086945;5;1;1;235
1272026051;1346086945;1;1;1;4294967292
1272026051;1346086945;2;1;1;2884
1272026051;1346086945;3;1;1;86
1272026051;1346086945;4;4;2;96457
1272026051;1346086945;5;1;1;235
1272026473;1346086945;1;1;1;0
1272026473;1346086945;2;1;1;2885
1272026473;1346086945;3;1;1;87
1272026473;1346086945;4;4;2;96455
1272026473;1346086945;5;1;1;235
1272026650;1346086945;1;1;1;0
1272026650;1346086945;2;1;1;2886
1272026650;1346086945;3;1;1;88
1272026650;1346086945;4;4;2;96454
1272026650;1346086945;5;1;1;235
1272026850;1346086945;1;1;1;5
1272026850;1346086945;2;1;1;2890
1272026850;1346086945;3;1;1;92
1272026850;1346086945;4;4;2;96450
1272026850;1346086945;5;1;1;235
1272027450;1346086945;1;1;1;5
1272027450;1346086945;2;1;1;2894
1272027450;1346086945;3;1;1;96
1272027450;1346086945;4;4;2;96445
1272027450;1346086945;5;1;1;235
1272027668;1346086945;1;1;1;3
1272027669;1346086945;2;1;1;2897
1272027669;1346086945;3;1;1;99
1272027669;1346086945;4;4;2;96442
1272027669;1346086945;5;1;1;235
1272028864;1346086945;1;1;1;1
1272028866;1346086945;2;1;1;2904
1272028866;1346086945;3;1;1;106
1272028866;1346086945;4;4;2;96434
1272028866;1346086945;5;1;1;235
1272029050;1346086945;1;1;1;1
1272029050;1346086945;2;1;1;2903
1272029050;1346086945;3;1;1;105
1272029050;1346086945;4;4;2;96435
1272029050;1346086945;5;1;1;235
1272029252;1346086945;1;1;1;1
1272029252;1346086945;2;1;1;2903
1272029252;1346086945;3;1;1;105
1272029252;1346086945;4;4;2;96435
1272029252;1346086945;5;1;1;235
1272029457;1346086945;1;1;1;4294967295
1272029457;1346086945;2;1;1;2900
1272029459;1346086945;3;1;1;102
1272029459;1346086945;4;4;2;96438
1272029459;1346086945;5;1;1;235
1272029850;1346086945;1;1;1;4294967293
1272029850;1346086945;2;1;1;2897
1272029850;1346086945;3;1;1;99
1272029850;1346086945;4;4;2;96441
1272029850;1346086945;5;1;1;235
1272030061;1346086945;1;1;1;4294967293
1272030061;1346086945;2;1;1;2897
1272030061;1346086945;3;1;1;99
1272030061;1346086945;4;4;2;96442
1272030061;1346086945;5;1;1;235
1272030656;1346086945;1;1;1;4294967287
1272030656;1346086945;2;1;1;2891
1272030658;1346086945;3;1;1;93
1272030658;1346086945;4;4;2;96449
1272030658;1346086945;5;1;1;234
1272030852;1346086945;1;1;1;4294967287
1272030852;1346086945;2;1;1;2887
1272030852;1346086945;3;1;1;89
1272030852;1346086945;4;4;2;96453
1272030852;1346086945;5;1;1;235
1272032455;1346086945;1;1;1;4294967289
1272032455;1346086945;2;1;1;2871
1272032455;1346086945;3;1;1;73
1272032455;1346086945;4;4;2;96471
1272032455;1346086945;5;1;1;235
1272032650;1346086945;1;1;1;4294967289
1272032650;1346086945;2;1;1;2869
1272032651;1346086945;3;1;1;71
1272032664;1346086945;4;4;2;96474
1272032664;1346086945;5;1;1;234
1272032852;1346086945;1;1;1;4294967294
1272032852;1346086945;2;1;1;2865
1272032852;1346086945;3;1;1;67
1272032852;1346086945;4;4;2;96478
1272032852;1346086945;5;1;1;235
1272033071;1346086945;1;1;1;4294967294
1272033071;1346086945;2;1;1;2865
1272033071;1346086945;3;1;1;67
1272033071;1346086945;4;4;2;96478
1272033071;1346086945;5;1;1;234
1272033250;1346086945;1;1;1;4294967294
1272033250;1346086945;2;1;1;2865
1272033252;1346086945;3;1;1;67
1272033252;1346086945;4;4;2;96479
1272033252;1346086945;5;1;1;234
1272033650;1346086945;1;1;1;4294967292
1272033650;1346086945;2;1;1;2863
1272033650;1346086945;3;1;1;65
1272033650;1346086945;4;4;2;96481
1272033650;1346086945;5;1;1;234
1272033851;1346086945;1;1;1;4294967292
1272033852;1346086945;2;1;1;2861
1272033852;1346086945;3;1;1;63
1272033852;1346086945;4;4;2;96483
1272033852;1346086945;5;1;1;234
1272034052;1346086945;1;1;1;4294967292
1272034052;1346086945;2;1;1;2858
1272034054;1346086945;3;1;1;60
1272034054;1346086945;4;4;2;96486
1272034054;1346086945;5;1;1;234
1272034650;1346086945;1;1;1;4294967292
1272034650;1346086945;2;1;1;2851
1272034650;1346086945;3;1;1;53
1272034650;1346086945;4;4;2;96494
1272034650;1346086945;5;1;1;234
1272034847;1346086945;1;1;1;4294967286
1272034847;1346086945;2;1;1;2849
1272034847;1346086945;3;1;1;51
1272034847;1346086945;4;4;2;96497
1272034847;1346086945;5;1;1;234
1272035050;1346086945;1;1;1;4294967286
1272035051;1346086945;2;1;1;2846
1272035052;1346086945;3;1;1;48
1272035052;1346086945;4;4;2;96500
1272035052;1346086945;5;1;1;234
1272035251;1346086945;1;1;1;4294967286
1272035251;1346086945;2;1;1;2843
1272035251;1346086945;3;1;1;45
1272035251;1346086945;4;4;2;96504
1272035251;1346086945;5;1;1;234
1272035484;1346086945;1;1;1;4294967290
1272035484;1346086945;2;1;1;2840
1272035484;1346086945;3;1;1;42
1272035484;1346086945;4;4;2;96507
1272035484;1346086945;5;1;1;234
1272035850;1346086945;1;1;1;4294967290
1272035850;1346086945;2;1;1;2835
1272035850;1346086945;3;1;1;37
1272035851;1346086945;4;4;2;96513
1272035851;1346086945;5;1;1;234
1272036044;1346086945;1;1;1;4294967284
1272036045;1346086945;2;1;1;2834
1272036045;1346086945;3;1;1;36
1272036045;1346086945;4;4;2;96514
1272036045;1346086945;5;1;1;234
1272036250;1346086945;1;1;1;4294967284
1272036250;1346086945;2;1;1;2832
1272036250;1346086945;3;1;1;34
1272036250;1346086945;4;4;2;96516
1272036251;1346086945;5;1;1;234
1272036451;1346086945;1;1;1;4294967293
1272036451;1346086945;2;1;1;2831
1272036451;1346086945;3;1;1;33
1272036453;1346086945;4;4;2;96518
1272036453;1346086945;5;1;1;234
1272036686;1346086945;1;1;1;4294967293
1272036686;1346086945;2;1;1;2830
1272036686;1346086945;3;1;1;32
1272036686;1346086945;4;4;2;96519
1272036686;1346086945;5;1;1;234
1272036850;1346086945;1;1;1;4294967293
1272036850;1346086945;2;1;1;2828
1272036850;1346086945;3;1;1;30
1272036850;1346086945;4;4;2;96521
1272036850;1346086945;5;1;1;234
1272037050;1346086945;1;1;1;4294967289
1272037050;1346086945;2;1;1;2827
1272037050;1346086945;3;1;1;29
1272037052;1346086945;4;4;2;96522
1272037052;1346086945;5;1;1;234
1272037244;1346086945;1;1;1;4294967289
1272037244;1346086945;2;1;1;2826
1272037244;1346086945;3;1;1;28
1272037244;1346086945;4;4;2;96523
1272037245;1346086945;5;1;1;234
1272037451;1346086945;1;1;1;4294967289
1272037451;1346086945;2;1;1;2825
1272037451;1346086945;3;1;1;27
1272037451;1346086945;4;4;2;96525
1272037451;1346086945;5;1;1;234
1272037651;1346086945;1;1;1;4294967295
1272037651;1346086945;2;1;1;2823
1272037651;1346086945;3;1;1;25
1272037654;1346086945;4;4;2;96527
1272037654;1346086945;5;1;1;234
1272037884;1346086945;1;1;1;4294967295
1272037884;1346086945;2;1;1;2821
1272037884;1346086945;3;1;1;23
1272037884;1346086945;4;4;2;96529
1272037885;1346086945;5;1;1;234
1272038250;1346086945;1;1;1;4294967288
1272038250;1346086945;2;1;1;2816
1272038250;1346086945;3;1;1;18
1272038250;1346086945;4;4;2;96535
1272038250;1346086945;5;1;1;234
1272038444;1346086945;1;1;1;4294967288
1272038444;1346086945;2;1;1;2812
1272038445;1346086945;3;1;1;14
1272038446;1346086945;4;4;2;96539
1272038446;1346086945;5;1;1;234
1272038652;1346086945;1;1;1;4294967288
1272038652;1346086945;2;1;1;2809
1272038652;1346086945;3;1;1;11
1272038652;1346086945;4;4;2;96543
1272038652;1346086945;5;1;1;234
1272038851;1346086945;1;1;1;4294967288
1272038852;1346086945;2;1;1;2807
1272038852;1346086945;3;1;1;9
1272038852;1346086945;4;4;2;96545
1272038852;1346086945;5;1;1;234
1272039080;1346086945;1;1;1;4294967288
1272039080;1346086945;2;1;1;2805
1272039080;1346086945;3;1;1;7
1272039080;1346086945;4;4;2;96547
1272039082;1346086945;5;1;1;234
1272039851;1346086945;1;1;1;4294967283
1272039852;1346086945;2;1;1;2798
1272039852;1346086945;3;1;1;0
1272039852;1346086945;4;4;2;96555
1272039852;1346086945;5;1;1;234
1272040276;1346086945;1;1;1;4294967291
1272040276;1346086945;2;1;1;2794
1272040276;1346086945;3;1;1;4294967292
1272040276;1346086945;4;4;2;96560
1272040276;1346086945;5;1;1;234
1272040650;1346086945;1;1;1;4294967294
1272040650;1346086945;2;1;1;2789
1272040650;1346086945;3;1;1;4294967287
1272040651;1346086945;4;4;2;96566
1272040652;1346086945;5;1;1;234
1272040853;1346086945;1;1;1;4294967294
1272040853;1346086945;2;1;1;2787
1272040853;1346086945;3;1;1;4294967285
1272040853;1346086945;4;4;2;96568
1272040853;1346086945;5;1;1;234
1272041051;1346086945;1;1;1;4294967294
1272041052;1346086945;2;1;1;2785
1272041052;1346086945;3;1;1;4294967283
1272041052;1346086945;4;4;2;96570
1272041052;1346086945;5;1;1;234
1272041252;1346086945;1;1;1;4294967289
1272041252;1346086945;2;1;1;2785
1272041252;1346086945;3;1;1;4294967283
1272041254;1346086945;4;4;2;96571
1272041254;1346086945;5;1;1;234
1272041472;1346086945;1;1;1;4294967289
1272041472;1346086945;2;1;1;2784
1272041472;1346086945;3;1;1;4294967282
1272041472;1346086945;4;4;2;96572
1272041472;1346086945;5;1;1;234
1272041650;1346086945;1;1;1;4294967289
1272041650;1346086945;2;1;1;2783
1272041650;1346086945;3;1;1;4294967281
1272041650;1346086945;4;4;2;96573
1272041650;1346086945;5;1;1;234
1272041836;1346086945;1;1;1;4294967295
1272041836;1346086945;2;1;1;2781
1272041837;1346086945;3;1;1;4294967279
1272041837;1346086945;4;4;2;96575
1272041837;1346086945;5;1;1;234
1272042051;1346086945;1;1;1;4294967295
1272042051;1346086945;2;1;1;2781
1272042051;1346086945;3;1;1;4294967279
1272042051;1346086945;4;4;2;96575
1272042052;1346086945;5;1;1;234
1272042251;1346086945;1;1;1;4294967295
1272042251;1346086945;2;1;1;2780
1272042251;1346086945;3;1;1;4294967278
1272042251;1346086945;4;4;2;96576
1272042251;1346086945;5;1;1;234
1272042450;1346086945;1;1;1;4294967293
1272042450;1346086945;2;1;1;2780
1272042452;1346086945;3;1;1;4294967278
1272042452;1346086945;4;4;2;96576
1272042452;1346086945;5;1;1;234
1272042669;1346086945;1;1;1;4294967293
1272042669;1346086945;2;1;1;2780
1272042669;1346086945;3;1;1;4294967278
1272042669;1346086945;4;4;2;96576
1272042669;1346086945;5;1;1;234
1272042850;1346086945;1;1;1;4294967293
1272042850;1346086945;2;1;1;2780
1272042850;1346086945;3;1;1;4294967278
1272042850;1346086945;4;4;2;96576
1272042850;1346086945;5;1;1;234
1272043050;1346086945;1;1;1;0
1272043064;1346086945;2;1;1;2780
1272043064;1346086945;3;1;1;4294967278
1272043064;1346086945;4;4;2;96576
1272043064;1346086945;5;1;1;234
1272043265;1346086945;1;1;1;0
1272043265;1346086945;2;1;1;2779
1272043265;1346086945;3;1;1;4294967277
1272043265;1346086945;4;4;2;96577
1272043265;1346086945;5;1;1;234
1272043451;1346086945;1;1;1;0
1272043451;1346086945;2;1;1;2779
1272043451;1346086945;3;1;1;4294967277
1272043451;1346086945;4;4;2;96577
1272043451;1346086945;5;1;1;234
1272043650;1346086945;1;1;1;4294967295
1272043651;1346086945;2;1;1;2779
1272043651;1346086945;3;1;1;4294967277
1272043651;1346086945;4;4;2;96577
1272043651;1346086945;5;1;1;234
1272043867;1346086945;1;1;1;4294967295
1272043867;1346086945;2;1;1;2780
1272043867;1346086945;3;1;1;4294967278
1272043867;1346086945;4;4;2;96576
1272043867;1346086945;5;1;1;234
1272044050;1346086945;1;1;1;4294967295
1272044050;1346086945;2;1;1;2780
1272044050;1346086945;3;1;1;4294967278
1272044050;1346086945;4;4;2;96576
1272044050;1346086945;5;1;1;234
1272044252;1346086945;1;1;1;0
1272044254;1346086945;2;1;1;2779
1272044254;1346086945;3;1;1;4294967277
1272044254;1346086945;4;4;2;96577
1272044254;1346086945;5;1;1;234
1272044457;1346086945;1;1;1;0
1272044457;1346086945;2;1;1;2779
1272044458;1346086945;3;1;1;4294967277
1272044458;1346086945;4;4;2;96577
1272044458;1346086945;5;1;1;234
1272044651;1346086945;1;1;1;0
1272044652;1346086945;2;1;1;2780
1272044652;1346086945;3;1;1;4294967278
1272044652;1346086945;4;4;2;96576
1272044652;1346086945;5;1;1;234
1272044850;1346086945;1;1;1;1
1272044851;1346086945;2;1;1;2780
1272044852;1346086945;3;1;1;4294967278
1272044852;1346086945;4;4;2;96576
1272044852;1346086945;5;1;1;234
1272045063;1346086945;1;1;1;1
1272045063;1346086945;2;1;1;2780
1272045063;1346086945;3;1;1;4294967278
1272045063;1346086945;4;4;2;96576
1272045063;1346086945;5;1;1;234
1272045250;1346086945;1;1;1;1
1272045250;1346086945;2;1;1;2780
1272045250;1346086945;3;1;1;4294967278
1272045250;1346086945;4;4;2;96576
1272045250;1346086945;5;1;1;234
1272045451;1346086945;1;1;1;0
1272045452;1346086945;2;1;1;2780
1272045453;1346086945;3;1;1;4294967278
1272045453;1346086945;4;4;2;96576
1272045454;1346086945;5;1;1;234
1272045656;1346086945;1;1;1;0
1272045656;1346086945;2;1;1;2780
1272045656;1346086945;3;1;1;4294967278
1272045657;1346086945;4;4;2;96576
1272045657;1346086945;5;1;1;234
1272045851;1346086945;1;1;1;0
1272045852;1346086945;2;1;1;2780
1272045852;1346086945;3;1;1;4294967278
1272045852;1346086945;4;4;2;96576
1272045852;1346086945;5;1;1;234
1272046050;1346086945;1;1;1;0
1272046050;1346086945;2;1;1;2781
1272046051;1346086945;3;1;1;4294967279
1272046051;1346086945;4;4;2;96575
1272046052;1346086945;5;1;1;234
1272046259;1346086945;1;1;1;0
1272046259;1346086945;2;1;1;2780
1272046259;1346086945;3;1;1;4294967278
1272046259;1346086945;4;4;2;96576
1272046259;1346086945;5;1;1;234
1272046450;1346086945;1;1;1;0
1272046450;1346086945;2;1;1;2781
1272046450;1346086945;3;1;1;4294967279
1272046450;1346086945;4;4;2;96575
1272046450;1346086945;5;1;1;234
1272046651;1346086945;1;1;1;2
1272046652;1346086945;2;1;1;2782
1272046653;1346086945;3;1;1;4294967280
1272046653;1346086945;4;4;2;96574
1272046653;1346086945;5;1;1;234
1272046888;1346086945;1;1;1;2
1272046888;1346086945;2;1;1;2783
1272046888;1346086945;3;1;1;4294967281
1272046888;1346086945;4;4;2;96573
1272046888;1346086945;5;1;1;234
1272047052;1346086945;1;1;1;2
1272047052;1346086945;2;1;1;2783
1272047052;1346086945;3;1;1;4294967281
1272047052;1346086945;4;4;2;96573
1272047052;1346086945;5;1;1;234
1272047250;1346086945;1;1;1;0
1272047250;1346086945;2;1;1;2783
1272047252;1346086945;3;1;1;4294967281
1272047252;1346086945;4;4;2;96573
1272047252;1346086945;5;1;1;234
1272047455;1346086945;1;1;1;0
1272047455;1346086945;2;1;1;2783
1272047455;1346086945;3;1;1;4294967281
1272047455;1346086945;4;4;2;96573
1272047455;1346086945;5;1;1;234
1272047650;1346086945;1;1;1;0
1272047650;1346086945;2;1;1;2784
1272047650;1346086945;3;1;1;4294967282
1272047650;1346086945;4;4;2;96572
1272047650;1346086945;5;1;1;234
1272047852;1346086945;1;1;1;2
1272047852;1346086945;2;1;1;2785
1272047854;1346086945;3;1;1;4294967283
1272047854;1346086945;4;4;2;96571
1272047854;1346086945;5;1;1;234
1272048086;1346086945;1;1;1;2
1272048086;1346086945;2;1;1;2785
1272048086;1346086945;3;1;1;4294967283
1272048086;1346086945;4;4;2;96571
1272048086;1346086945;5;1;1;234
1272048250;1346086945;1;1;1;2
1272048250;1346086945;2;1;1;2785
1272048250;1346086945;3;1;1;4294967283
1272048250;1346086945;4;4;2;96571
1272048250;1346086945;5;1;1;234
1272048437;1346086945;1;1;1;0
1272048437;1346086945;2;1;1;2785
1272048437;1346086945;3;1;1;4294967283
1272048439;1346086945;4;4;2;96571
1272048439;1346086945;5;1;1;234
1272048650;1346086945;1;1;1;0
1272048650;1346086945;2;1;1;2784
1272048650;1346086945;3;1;1;4294967282
1272048650;1346086945;4;4;2;96572
1272048650;1346086945;5;1;1;234
1272048850;1346086945;1;1;1;0
1272048850;1346086945;2;1;1;2784
1272048850;1346086945;3;1;1;4294967282
1272048850;1346086945;4;4;2;96572
1272048850;1346086945;5;1;1;234
1272049050;1346086945;1;1;1;4294967295
1272049050;1346086945;2;1;1;2784
1272049050;1346086945;3;1;1;4294967282
1272049052;1346086945;4;4;2;96572
1272049052;1346086945;5;1;1;234
1272049286;1346086945;1;1;1;4294967295
1272049286;1346086945;2;1;1;2784
1272049286;1346086945;3;1;1;4294967282
1272049286;1346086945;4;4;2;96572
1272049286;1346086945;5;1;1;233
1272049450;1346086945;1;1;1;4294967295
1272049450;1346086945;2;1;1;2784
1272049450;1346086945;3;1;1;4294967282
1272049450;1346086945;4;4;2;96572
1272049450;1346086945;5;1;1;234
1272049650;1346086945;1;1;1;4294967295
1272049650;1346086945;2;1;1;2783
1272049651;1346086945;3;1;1;4294967281
1272049651;1346086945;4;4;2;96573
1272049651;1346086945;5;1;1;233
1272049849;1346086945;1;1;1;4294967295
1272049849;1346086945;2;1;1;2782
1272049849;1346086945;3;1;1;4294967280
1272049849;1346086945;4;4;2;96574
1272049849;1346086945;5;1;1;234
1272050051;1346086945;1;1;1;4294967295
1272050051;1346086945;2;1;1;2782
1272050051;1346086945;3;1;1;4294967280
1272050051;1346086945;4;4;2;96574
1272050051;1346086945;5;1;1;234
1272050471;1346086945;1;1;1;4294967294
1272050471;1346086945;2;1;1;2782
1272050488;1346086945;3;1;1;4294967280
1272050488;1346086945;4;4;2;96574
1272050488;1346086945;5;1;1;234
1272050650;1346086945;1;1;1;0
1272050650;1346086945;2;1;1;2782
1272050650;1346086945;3;1;1;4294967280
1272050650;1346086945;4;4;2;96574
1272050650;1346086945;5;1;1;233
1272051045;1346086945;1;1;1;0
1272051045;1346086945;2;1;1;2783
1272051045;1346086945;3;1;1;4294967281
1272051045;1346086945;4;4;2;96573
1272051045;1346086945;5;1;1;233
1272051251;1346086945;1;1;1;0
1272051251;1346086945;2;1;1;2783
1272051254;1346086945;3;1;1;4294967281
1272051254;1346086945;4;4;2;96573
1272051254;1346086945;5;1;1;234
1272051452;1346086945;1;1;1;2
1272051452;1346086945;2;1;1;2785
1272051452;1346086945;3;1;1;4294967283
1272051452;1346086945;4;4;2;96571
1272051452;1346086945;5;1;1;233
1272051677;1346086945;1;1;1;2
1272051678;1346086945;2;1;1;2785
1272051678;1346086945;3;1;1;4294967283
1272051678;1346086945;4;4;2;96570
1272051678;1346086945;5;1;1;233
1272052050;1346086945;1;1;1;2
1272052050;1346086945;2;1;1;2786
1272052051;1346086945;3;1;1;4294967284
1272052051;1346086945;4;4;2;96569
1272052051;1346086945;5;1;1;233
1272052244;1346086945;1;1;1;2
1272052244;1346086945;2;1;1;2788
1272052245;1346086945;3;1;1;4294967286
1272052245;1346086945;4;4;2;96567
1272052245;1346086945;5;1;1;233
1272052452;1346086945;1;1;1;5
1272052452;1346086945;2;1;1;2790
1272052452;1346086945;3;1;1;4294967288
1272052452;1346086945;4;4;2;96565
1272052452;1346086945;5;1;1;233
1272053050;1346086945;1;1;1;5
1272053050;1346086945;2;1;1;2792
1272053051;1346086945;3;1;1;4294967290
1272053052;1346086945;4;4;2;96563
1272053052;1346086945;5;1;1;233
1272053250;1346086945;1;1;1;2
1272053250;1346086945;2;1;1;2792
1272053250;1346086945;3;1;1;4294967290
1272053250;1346086945;4;4;2;96562
1272053250;1346086945;5;1;1;233
1272053444;1346086945;1;1;1;2
1272053444;1346086945;2;1;1;2793
1272053445;1346086945;3;1;1;4294967291
1272053445;1346086945;4;4;2;96561
1272053445;1346086945;5;1;1;233
1272053652;1346086945;1;1;1;3
1272053652;1346086945;2;1;1;2793
1272053652;1346086945;3;1;1;4294967291
1272053653;1346086945;4;4;2;96561
1272053653;1346086945;5;1;1;233
1272053850;1346086945;1;1;1;3
1272053850;1346086945;2;1;1;2793
1272053850;1346086945;3;1;1;4294967291
1272053850;1346086945;4;4;2;96561
1272053850;1346086945;5;1;1;233
1272054250;1346086945;1;1;1;3
1272054250;1346086945;2;1;1;2793
1272054250;1346086945;3;1;1;4294967291
1272054250;1346086945;4;4;2;96561
1272054250;1346086945;5;1;1;233
1272054448;1346086945;1;1;1;1
1272054448;1346086945;2;1;1;2794
1272054449;1346086945;3;1;1;4294967292
1272054450;1346086945;4;4;2;96560
1272054450;1346086945;5;1;1;233
1272054644;1346086945;1;1;1;1
1272054644;1346086945;2;1;1;2794
1272054644;1346086945;3;1;1;4294967292
1272054645;1346086945;4;4;2;96560
1272054645;1346086945;5;1;1;233
1272054850;1346086945;1;1;1;1
1272054850;1346086945;2;1;1;2795
1272054850;1346086945;3;1;1;4294967293
1272054850;1346086945;4;4;2;96559
1272054850;1346086945;5;1;1;233
1272055277;1346086945;1;1;1;1
1272055277;1346086945;2;1;1;2796
1272055277;1346086945;3;1;1;4294967294
1272055278;1346086945;4;4;2;96558
1272055278;1346086945;5;1;1;233
1272055450;1346086945;1;1;1;2
1272055450;1346086945;2;1;1;2796
1272055450;1346086945;3;1;1;4294967294
1272055450;1346086945;4;4;2;96558
1272055450;1346086945;5;1;1;233
1272055650;1346086945;1;1;1;2
1272055650;1346086945;2;1;1;2796
1272055650;1346086945;3;1;1;4294967294
1272055650;1346086945;4;4;2;96558
1272055650;1346086945;5;1;1;233
1272055851;1346086945;1;1;1;2
1272055851;1346086945;2;1;1;2796
1272055852;1346086945;3;1;1;4294967294
1272055853;1346086945;4;4;2;96558
1272055853;1346086945;5;1;1;233
1272056251;1346086945;1;1;1;4294967295
1272056251;1346086945;2;1;1;2795
1272056251;1346086945;3;1;1;4294967293
1272056251;1346086945;4;4;2;96559
1272056251;1346086945;5;1;1;233
1272056475;1346086945;1;1;1;4294967295
1272056475;1346086945;2;1;1;2795
1272056475;1346086945;3;1;1;4294967293
1272056475;1346086945;4;4;2;96559
1272056475;1346086945;5;1;1;233
1272056650;1346086945;1;1;1;4294967295
1272056650;1346086945;2;1;1;2795
1272056650;1346086945;3;1;1;4294967293
1272056652;1346086945;4;4;2;96559
1272056652;1346086945;5;1;1;233
1272056850;1346086945;1;1;1;4294967295
1272056850;1346086945;2;1;1;2796
1272056850;1346086945;3;1;1;4294967294
1272056850;1346086945;4;4;2;96558
1272056850;1346086945;5;1;1;233
1272057251;1346086945;1;1;1;4294967295
1272057251;1346086945;2;1;1;2795
1272057251;1346086945;3;1;1;4294967293
1272057252;1346086945;4;4;2;96559
1272057252;1346086945;5;1;1;233
1272057451;1346086945;1;1;1;4294967295
1272057451;1346086945;2;1;1;2795
1272057453;1346086945;3;1;1;4294967293
1272057453;1346086945;4;4;2;96559
1272057453;1346086945;5;1;1;233
1272057670;1346086945;1;1;1;4294967295
1272057670;1346086945;2;1;1;2795
1272057670;1346086945;3;1;1;4294967293
1272057670;1346086945;4;4;2;96559
1272057670;1346086945;5;1;1;233
1272057850;1346086945;1;1;1;4294967294
1272057850;1346086945;2;1;1;2794
1272057850;1346086945;3;1;1;4294967292
1272057850;1346086945;4;4;2;96560
1272057850;1346086945;5;1;1;233
1272058265;1346086945;1;1;1;4294967294
1272058265;1346086945;2;1;1;2794
1272058267;1346086945;3;1;1;4294967292
1272058267;1346086945;4;4;2;96560
1272058267;1346086945;5;1;1;233
1272058451;1346086945;1;1;1;0
1272058451;1346086945;2;1;1;2794
1272058451;1346086945;3;1;1;4294967292
1272058452;1346086945;4;4;2;96560
1272058452;1346086945;5;1;1;233
1272058650;1346086945;1;1;1;0
1272058650;1346086945;2;1;1;2794
1272058650;1346086945;3;1;1;4294967292
1272058650;1346086945;4;4;2;96560
1272058650;1346086945;5;1;1;233
1272058867;1346086945;1;1;1;0
1272058867;1346086945;2;1;1;2795
1272058869;1346086945;3;1;1;4294967293
1272058869;1346086945;4;4;2;96559
1272058869;1346086945;5;1;1;233
1272059251;1346086945;1;1;1;1
1272059251;1346086945;2;1;1;2795
1272059251;1346086945;3;1;1;4294967293
1272059252;1346086945;4;4;2;96559
1272059252;1346086945;5;1;1;233
1272059456;1346086945;1;1;1;1
1272059456;1346086945;2;1;1;2795
1272059456;1346086945;3;1;1;4294967293
1272059456;1346086945;4;4;2;96559
1272059456;1346086945;5;1;1;233
1272059652;1346086945;1;1;1;0
1272059652;1346086945;2;1;1;2795
1272059654;1346086945;3;1;1;4294967293
1272059654;1346086945;4;4;2;96559
1272059654;1346086945;5;1;1;233
1272059850;1346086945;1;1;1;0
1272059850;1346086945;2;1;1;2795
1272059850;1346086945;3;1;1;4294967293
1272059850;1346086945;4;4;2;96559
1272059850;1346086945;5;1;1;233
1272060250;1346086945;1;1;1;0
1272060250;1346086945;2;1;1;2795
1272060250;1346086945;3;1;1;4294967293
1272060250;1346086945;4;4;2;96559
1272060250;1346086945;5;1;1;233
1272060451;1346086945;1;1;1;0
1272060451;1346086945;2;1;1;2796
1272060455;1346086945;3;1;1;4294967294
1272060455;1346086945;4;4;2;96558
1272060455;1346086945;5;1;1;233
1272060657;1346086945;1;1;1;0
1272060657;1346086945;2;1;1;2795
1272060657;1346086945;3;1;1;4294967293
1272060657;1346086945;4;4;2;96559
1272060657;1346086945;5;1;1;233
1272060851;1346086945;1;1;1;0
1272060851;1346086945;2;1;1;2795
1272060851;1346086945;3;1;1;4294967293
1272060851;1346086945;4;4;2;96559
1272060851;1346086945;5;1;1;233
1272061050;1346086945;1;1;1;0
1272061050;1346086945;2;1;1;2795
1272061051;1346086945;3;1;1;4294967293
1272061051;1346086945;4;4;2;96559
1272061051;1346086945;5;1;1;233
1272061258;1346086945;1;1;1;0
1272061259;1346086945;2;1;1;2795
1272061259;1346086945;3;1;1;4294967293
1272061259;1346086945;4;4;2;96559
1272061259;1346086945;5;1;1;233
1272061450;1346086945;1;1;1;0
1272061450;1346086945;2;1;1;2795
1272061450;1346086945;3;1;1;4294967293
1272061450;1346086945;4;4;2;96559
1272061450;1346086945;5;1;1;233
1272061652;1346086945;1;1;1;0
1272061652;1346086945;2;1;1;2795
1272061652;1346086945;3;1;1;4294967293
1272061654;1346086945;4;4;2;96559
1272061654;1346086945;5;1;1;233
1272061885;1346086945;1;1;1;0
1272061885;1346086945;2;1;1;2795
1272061885;1346086945;3;1;1;4294967293
1272061885;1346086945;4;4;2;96559
1272061885;1346086945;5;1;1;233
1272062051;1346086945;1;1;1;0
1272062051;1346086945;2;1;1;2795
1272062051;1346086945;3;1;1;4294967293
1272062052;1346086945;4;4;2;96559
1272062052;1346086945;5;1;1;233
1272062250;1346086945;1;1;1;0
1272062250;1346086945;2;1;1;2796
1272062250;1346086945;3;1;1;4294967294
1272062251;1346086945;4;4;2;96558
1272062251;1346086945;5;1;1;233
1272062456;1346086945;1;1;1;0
1272062457;1346086945;2;1;1;2796
1272062457;1346086945;3;1;1;4294967294
1272062457;1346086945;4;4;2;96558
1272062457;1346086945;5;1;1;233
1272062650;1346086945;1;1;1;4294967295
1272062650;1346086945;2;1;1;2795
1272062650;1346086945;3;1;1;4294967293
1272062650;1346086945;4;4;2;96559
1272062650;1346086945;5;1;1;233
1272062851;1346086945;1;1;1;4294967295
1272062851;1346086945;2;1;1;2795
1272062851;1346086945;3;1;1;4294967293
1272062853;1346086945;4;4;2;96559
1272062853;1346086945;5;1;1;233
1272063084;1346086945;1;1;1;4294967295
1272063084;1346086945;2;1;1;2795
1272063084;1346086945;3;1;1;4294967293
1272063084;1346086945;4;4;2;96559
1272063084;1346086945;5;1;1;233
1272063250;1346086945;1;1;1;4294967295
1272063250;1346086945;2;1;1;2795
1272063250;1346086945;3;1;1;4294967293
1272063250;1346086945;4;4;2;96559
1272063250;1346086945;5;1;1;233
1272063450;1346086945;1;1;1;4294967295
1272063450;1346086945;2;1;1;2795
1272063451;1346086945;3;1;1;4294967293
1272063451;1346086945;4;4;2;96559
1272063451;1346086945;5;1;1;233
1272063653;1346086945;1;1;1;4294967295
1272063653;1346086945;2;1;1;2795
1272063653;1346086945;3;1;1;4294967293
1272063653;1346086945;4;4;2;96559
1272063653;1346086945;5;1;1;233
1272063850;1346086945;1;1;1;0
1272063850;1346086945;2;1;1;2795
1272063850;1346086945;3;1;1;4294967293
1272063850;1346086945;4;4;2;96559
1272063850;1346086945;5;1;1;233
1272064051;1346086945;1;1;1;0
1272064051;1346086945;2;1;1;2795
1272064053;1346086945;3;1;1;4294967293
1272064053;1346086945;4;4;2;96559
1272064053;1346086945;5;1;1;233
1272064284;1346086945;1;1;1;0
1272064284;1346086945;2;1;1;2795
1272064285;1346086945;3;1;1;4294967293
1272064285;1346086945;4;4;2;96559
1272064285;1346086945;5;1;1;233
1272064450;1346086945;1;1;1;0
1272064450;1346086945;2;1;1;2795
1272064450;1346086945;3;1;1;4294967293
1272064450;1346086945;4;4;2;96559
1272064450;1346086945;5;1;1;233
1272064650;1346086945;1;1;1;0
1272064650;1346086945;2;1;1;2795
1272064651;1346086945;3;1;1;4294967293
1272064651;1346086945;4;4;2;96559
1272064652;1346086945;5;1;1;233
1272064849;1346086945;1;1;1;0
1272064849;1346086945;2;1;1;2796
1272064849;1346086945;3;1;1;4294967294
1272064849;1346086945;4;4;2;96558
1272064849;1346086945;5;1;1;233
1272065051;1346086945;1;1;1;1
1272065051;1346086945;2;1;1;2796
1272065051;1346086945;3;1;1;4294967294
1272065051;1346086945;4;4;2;96558
1272065051;1346086945;5;1;1;233
1272065252;1346086945;1;1;1;1
1272065252;1346086945;2;1;1;2797
1272065252;1346086945;3;1;1;4294967295
1272065254;1346086945;4;4;2;96557
1272065254;1346086945;5;1;1;233
1272065486;1346086945;1;1;1;1
1272065486;1346086945;2;1;1;2797
1272065486;1346086945;3;1;1;4294967295
1272065486;1346086945;4;4;2;96557
1272065486;1346086945;5;1;1;233
1272065650;1346086945;1;1;1;1
1272065650;1346086945;2;1;1;2796
1272065650;1346086945;3;1;1;4294967294
1272065650;1346086945;4;4;2;96558
1272065650;1346086945;5;1;1;233
1272065850;1346086945;1;1;1;1
1272065850;1346086945;2;1;1;2796
1272065850;1346086945;3;1;1;4294967294
1272065851;1346086945;4;4;2;96558
1272065851;1346086945;5;1;1;233
1272066045;1346086945;1;1;1;1
1272066045;1346086945;2;1;1;2796
1272066045;1346086945;3;1;1;4294967294
1272066045;1346086945;4;4;2;96558
1272066045;1346086945;5;1;1;233
1272066250;1346086945;1;1;1;0
1272066250;1346086945;2;1;1;2795
1272066250;1346086945;3;1;1;4294967293
1272066250;1346086945;4;4;2;96559
1272066250;1346086945;5;1;1;233
1272066676;1346086945;1;1;1;0
1272066676;1346086945;2;1;1;2795
1272066676;1346086945;3;1;1;4294967293
1272066678;1346086945;4;4;2;96559
1272066678;1346086945;5;1;1;233
1272066850;1346086945;1;1;1;4294967295
1272066850;1346086945;2;1;1;2795
1272066850;1346086945;3;1;1;4294967293
1272066850;1346086945;4;4;2;96559
1272066850;1346086945;5;1;1;233
1272067050;1346086945;1;1;1;4294967295
1272067050;1346086945;2;1;1;2796
1272067050;1346086945;3;1;1;4294967294
1272067050;1346086945;4;4;2;96558
1272067050;1346086945;5;1;1;233
1272067245;1346086945;1;1;1;4294967295
1272067245;1346086945;2;1;1;2796
1272067246;1346086945;3;1;1;4294967294
1272067246;1346086945;4;4;2;96558
1272067247;1346086945;5;1;1;233
1272067650;1346086945;1;1;1;1
1272067650;1346086945;2;1;1;2795
1272067650;1346086945;3;1;1;4294967293
1272067650;1346086945;4;4;2;96559
1272067650;1346086945;5;1;1;233
1272067885;1346086945;1;1;1;1
1272067885;1346086945;2;1;1;2794
1272067885;1346086945;3;1;1;4294967292
1272067885;1346086945;4;4;2;96560
1272067885;1346086945;5;1;1;233
1272068050;1346086945;1;1;1;4294967295
1272068050;1346086945;2;1;1;2795
1272068051;1346086945;3;1;1;4294967293
1272068051;1346086945;4;4;2;96559
1272068052;1346086945;5;1;1;233
1272068250;1346086945;1;1;1;4294967295
1272068250;1346086945;2;1;1;2794
1272068250;1346086945;3;1;1;4294967292
1272068250;1346086945;4;4;2;96560
1272068250;1346086945;5;1;1;233
1272068650;1346086945;1;1;1;0
1272068650;1346086945;2;1;1;2793
1272068650;1346086945;3;1;1;4294967291
1272068651;1346086945;4;4;2;96561
1272068651;1346086945;5;1;1;233
1272068851;1346086945;1;1;1;0
1272068851;1346086945;2;1;1;2794
1272068852;1346086945;3;1;1;4294967292
1272068852;1346086945;4;4;2;96560
1272068852;1346086945;5;1;1;233
1272069083;1346086945;1;1;1;0
1272069083;1346086945;2;1;1;2794
1272069083;1346086945;3;1;1;4294967292
1272069083;1346086945;4;4;2;96560
1272069083;1346086945;5;1;1;233
1272069250;1346086945;1;1;1;0
1272069250;1346086945;2;1;1;2793
1272069250;1346086945;3;1;1;4294967291
1272069250;1346086945;4;4;2;96561
1272069250;1346086945;5;1;1;233
1272069645;1346086945;1;1;1;0
1272069645;1346086945;2;1;1;2794
1272069645;1346086945;3;1;1;4294967292
1272069647;1346086945;4;4;2;96560
1272069647;1346086945;5;1;1;233
1272069851;1346086945;1;1;1;0
1272069851;1346086945;2;1;1;2794
1272069851;1346086945;3;1;1;4294967292
1272069852;1346086945;4;4;2;96560
1272069852;1346086945;5;1;1;233
1272070052;1346086945;1;1;1;0
1272070052;1346086945;2;1;1;2794
1272070052;1346086945;3;1;1;4294967292
1272070052;1346086945;4;4;2;96560
1272070052;1346086945;5;1;1;233
1272070278;1346086945;1;1;1;0
1272070279;1346086945;2;1;1;2794
1272070279;1346086945;3;1;1;4294967292
1272070280;1346086945;4;4;2;96560
1272070281;1346086945;5;1;1;233
1272070450;1346086945;1;1;1;0
1272070450;1346086945;2;1;1;2794
1272070450;1346086945;3;1;1;4294967292
1272070450;1346086945;4;4;2;96560
1272070450;1346086945;5;1;1;233
1272070650;1346086945;1;1;1;0
1272070650;1346086945;2;1;1;2794
1272070650;1346086945;3;1;1;4294967292
1272070650;1346086945;4;4;2;96560
1272070650;1346086945;5;1;1;233
1272070852;1346086945;1;1;1;0
1272070852;1346086945;2;1;1;2794
1272070852;1346086945;3;1;1;4294967292
1272070854;1346086945;4;4;2;96560
1272070854;1346086945;5;1;1;233
1272071052;1346086945;1;1;1;0
1272071052;1346086945;2;1;1;2794
1272071052;1346086945;3;1;1;4294967292
1272071052;1346086945;4;4;2;96560
1272071052;1346086945;5;1;1;233
1272071251;1346086945;1;1;1;0
1272071251;1346086945;2;1;1;2794
1272071251;1346086945;3;1;1;4294967292
1272071251;1346086945;4;4;2;96560
1272071252;1346086945;5;1;1;233
1272071475;1346086945;1;1;1;4294967295
1272071475;1346086945;2;1;1;2793
1272071475;1346086945;3;1;1;4294967291
1272071476;1346086945;4;4;2;96561
1272071476;1346086945;5;1;1;233
1272071650;1346086945;1;1;1;4294967295
1272071650;1346086945;2;1;1;2794
1272071650;1346086945;3;1;1;4294967292
1272071650;1346086945;4;4;2;96560
1272071650;1346086945;5;1;1;233
1272071850;1346086945;1;1;1;4294967295
1272071850;1346086945;2;1;1;2793
1272071850;1346086945;3;1;1;4294967291
1272071850;1346086945;4;4;2;96561
1272071850;1346086945;5;1;1;233
1272072052;1346086945;1;1;1;0
1272072052;1346086945;2;1;1;2793
1272072052;1346086945;3;1;1;4294967291
1272072054;1346086945;4;4;2;96561
1272072054;1346086945;5;1;1;233
1272072251;1346086945;1;1;1;0
1272072251;1346086945;2;1;1;2794
1272072251;1346086945;3;1;1;4294967292
1272072251;1346086945;4;4;2;96560
1272072252;1346086945;5;1;1;233
1272072452;1346086945;1;1;1;0
1272072452;1346086945;2;1;1;2794
1272072452;1346086945;3;1;1;4294967292
1272072452;1346086945;4;4;2;96560
1272072452;1346086945;5;1;1;233
1272072670;1346086945;1;1;1;1
1272072670;1346086945;2;1;1;2795
1272072671;1346086945;3;1;1;4294967293
1272072672;1346086945;4;4;2;96559
1272072672;1346086945;5;1;1;233
1272072850;1346086945;1;1;1;1
1272072850;1346086945;2;1;1;2795
1272072850;1346086945;3;1;1;4294967293
1272072850;1346086945;4;4;2;96559
1272072850;1346086945;5;1;1;233
1272073050;1346086945;1;1;1;1
1272073050;1346086945;2;1;1;2796
1272073050;1346086945;3;1;1;4294967294
1272073050;1346086945;4;4;2;96558
1272073050;1346086945;5;1;1;233
1272073264;1346086945;1;1;1;3
1272073264;1346086945;2;1;1;2796
1272073264;1346086945;3;1;1;4294967294
1272073265;1346086945;4;4;2;96558
1272073265;1346086945;5;1;1;233
1272073452;1346086945;1;1;1;3
1272073453;1346086945;2;1;1;2796
1272073453;1346086945;3;1;1;4294967294
1272073453;1346086945;4;4;2;96558
1272073453;1346086945;5;1;1;233
1272073650;1346086945;1;1;1;3
1272073650;1346086945;2;1;1;2796
1272073650;1346086945;3;1;1;4294967294
1272073650;1346086945;4;4;2;96558
1272073650;1346086945;5;1;1;233
1272073867;1346086945;1;1;1;0
1272073867;1346086945;2;1;1;2797
1272073867;1346086945;3;1;1;4294967295
1272073868;1346086945;4;4;2;96557
1272073868;1346086945;5;1;1;233
1272074050;1346086945;1;1;1;0
1272074050;1346086945;2;1;1;2797
1272074050;1346086945;3;1;1;4294967295
1272074050;1346086945;4;4;2;96557
1272074050;1346086945;5;1;1;233
1272074252;1346086945;1;1;1;0
1272074252;1346086945;2;1;1;2798
1272074252;1346086945;3;1;1;0
1272074252;1346086945;4;4;2;96556
1272074252;1346086945;5;1;1;233
1272074455;1346086945;1;1;1;1
1272074455;1346086945;2;1;1;2798
1272074455;1346086945;3;1;1;0
1272074455;1346086945;4;4;2;96556
1272074457;1346086945;5;1;1;233
1272074652;1346086945;1;1;1;1
1272074652;1346086945;2;1;1;2797
1272074652;1346086945;3;1;1;4294967295
1272074652;1346086945;4;4;2;96557
1272074652;1346086945;5;1;1;233
1272074850;1346086945;1;1;1;1
1272074850;1346086945;2;1;1;2798
1272074850;1346086945;3;1;1;0
1272074850;1346086945;4;4;2;96556
1272074850;1346086945;5;1;1;233
1272075064;1346086945;1;1;1;0
1272075064;1346086945;2;1;1;2798
1272075065;1346086945;3;1;1;0
1272075065;1346086945;4;4;2;96556
1272075065;1346086945;5;1;1;233
1272075250;1346086945;1;1;1;0
1272075250;1346086945;2;1;1;2798
1272075250;1346086945;3;1;1;0
1272075250;1346086945;4;4;2;96555
1272075250;1346086945;5;1;1;233
